processor 5/384 on cn01 initialized
processor 11/384 on cn01 initialized
processor 13/384 on cn01 initialized
processor processor 19/384 on cn01 initialized
processor 21/384 on cn01 initialized
processor 23/384 on cn01 initialized
processor 27/384 on cn01 initialized
processor 28/384 on cn01 initialized
processor 29/384 on cn01 initialized
processor 31/384 on cn01 initialized
processor 33/384 on cn01 initialized
processor 35/384 on cn01 initialized
processor 37/384 on cn01 initialized
processor 39/384 on cn01 initialized
processor 40/384 on cn01 initialized
processor 41/384 on cn01 initialized
processor 42/384 on cn01 initialized
processor 43/384 on cn01 initialized
processor 45/384 on cn01 initialized
processor 46/384 on cn01 initialized
processor 47/384 on cn01 initialized
processor 49/384 on cn01 initialized
processor 50/384 on cn01 initialized
processor 51/384 on cn01 initialized
processor 52/384 on cn01 initialized
processor 53/384 on cn01 initialized
processor 55/384 on cn01 initialized
processor 56/384 on cn01 initialized
processor 57/384 on cn01 initialized
processor 59/384 on cn01 initialized
processor 60/384 on cn01 initialized
processor 61/384 on cn01 initialized
processor 62/384 on cn01 initialized
processor 63/384 on cn01 initialized
processor 64/384 on cn01 initialized
al3c version 18.4 initialized with 384 processors
processor 1/384 on cn01 initialized
+------------------------------------------------------------------------------+
|             Invoking SIMD-oriented Fast Mersenne Twister (SFMT)              |
| Copyright 2006,2007 Mutsuo Saito, Makoto Matsumoto and Hiroshima University  |
| Copyright 2012 Mutsuo Saito, Makoto Matsumoto, Hiroshima University and      |
|                The University of Tokyo. All rights reserved.                 |
+------------------------------------------------------------------------------+
processor 2/384 on cn01 initialized
processor 3/384 on cn01 initialized
processor 4/384 on cn01 initialized
processor 6/384 on cn01 initialized
processor 7/384 on cn01 initialized
processor 8/384 on cn01 initialized
processor 9/384 on cn01 initialized
processor 10/384 on cn01 initialized
processor 12/384 on cn01 initialized
processor 14/384 on cn01 initialized
processor 15/384 on cn01 initialized
processor 16/384 on cn01 initialized
processor 18/384 on cn01 initialized
processor 20/384 on cn01 initialized
processor 22/384 on cn01 initialized
processor 24/384 on cn01 initialized
processor 25/384 on cn01 initialized
processor 26/384 on cn01 initialized
processor 30/384 on cn01 initialized
processor 32/384 on cn01 initialized
processor 34/384 on cn01 initialized
processor 36/384 on cn01 initialized
processor 38/384 on cn01 initialized
processor 44/384 on cn01 initialized
processor 48/384 on cn01 initialized
processor 54/384 on cn01 initialized
processor 58/384 on cn01 initialized
17/384 on cn01 initialized
processor 131/384 on cn03 initialized
processor 257/384 on cn05 initialized
processor 69/384 on cn02 initialized
processor 195/384 on cn04 initialized
processor 323/384 on cn06 initialized
processor 70/384 on cn02 initialized
processor 325/384 on cn06 initialized
processor 133/384 on cn03 initialized
processor 259/384 on cn05 initialized
processor 197/384 on cn04 initialized
processor 135/384 on cn03 initialized
processor 267/384 on cn05 initialized
processor 137/384 on cn03 initialized
processor 269/384 on cn05 initialized
processor 139/384 on cn03 initialized
processor 271/384 on cn05 initialized
processor 143/384 on cn03 initialized
processor 273/384 on cn05 initialized
processor 145/384 on cn03 initialized
processor 275/384 on cn05 initialized
processor 73/384 on cn02 initialized
processor 332/384 on cn06 initialized
processor 149/384 on cn03 initialized
processor 277/384 on cn05 initialized
processor 82/384 on cn02 initialized
processor 335/384 on cn06 initialized
processor 151/384 on cn03 initialized
processor 279/384 on cn05 initialized
processor 86/384 on cn02 initialized
processor 199/384 on cn04 initialized
processor 339/384 on cn06 initialized
processor 153/384 on cn03 initialized
processor 281/384 on cn05 initialized
processor 87/384 on cn02 initialized
processor 202/384 on cn04 initialized
processor 340/384 on cn06 initialized
processor 154/384 on cn03 initialized
processor 88/384 on cn02 initialized
processor 204/384 on cn04 initialized
processor 341/384 on cn06 initialized
processor 155/384 on cn03 initialized
processor 283/384 on cn05 initialized
processor 89/384 on cn02 initialized
processor 207/384 on cn04 initialized
processor 345/384 on cn06 initialized
processor 159/384 on cn03 initialized
processor 285/384 on cn05 initialized
processor 90/384 on cn02 initialized
processor 208/384 on cn04 initialized
processor 347/384 on cn06 initialized
processor 160/384 on cn03 initialized
processor 287/384 on cn05 initialized
processor 91/384 on cn02 initialized
processor 209/384 on cn04 initialized
processor 349/384 on cn06 initialized
processor 161/384 on cn03 initialized
processor 289/384 on cn05 initialized
processor 92/384 on cn02 initialized
processor 213/384 on cn04 initialized
processor 350/384 on cn06 initialized
processor 163/384 on cn03 initialized
processor 291/384 on cn05 initialized
processor 93/384 on cn02 initialized
processor 214/384 on cn04 initialized
processor 351/384 on cn06 initialized
processor 166/384 on cn03 initialized
processor 293/384 on cn05 initialized
processor 217/384 on cn04 initialized
processor 167/384 on cn03 initialized
processor 295/384 on cn05 initialized
processor 94/384 on cn02 initialized
processor 219/384 on cn04 initialized
processor 352/384 on cn06 initialized
processor 169/384 on cn03 initialized
processor 296/384 on cn05 initialized
processor 95/384 on cn02 initialized
processor 353/384 on cn06 initialized
processor 171/384 on cn03 initialized
processor 297/384 on cn05 initialized
processor 96/384 on cn02 initialized
processor 221/384 on cn04 initialized
processor 354/384 on cn06 initialized
processor 173/384 on cn03 initialized
processor 298/384 on cn05 initialized
processor 98/384 on cn02 initialized
processor 224/384 on cn04 initialized
processor 355/384 on cn06 initialized
processor processor 299/384 on cn05 initialized
processor 100/384 on cn02 initialized
processor 225/384 on cn04 initialized
processor 356/384 on cn06 initialized
processor 176/384 on cn03 initialized
processor 300/384 on cn05 initialized
processor 101/384 on cn02 initialized
processor processor 357/384 on cn06 initialized
processor 177/384 on cn03 initialized
processor 301/384 on cn05 initialized
processor 102/384 on cn02 initialized
processor 229/384 on cn04 initialized
processor 358/384 on cn06 initialized
processor 179/384 on cn03 initialized
processor 302/384 on cn05 initialized
processor 103/384 on cn02 initialized
processor 231/384 on cn04 initialized
processor 359/384 on cn06 initialized
processor 181/384 on cn03 initialized
processor 303/384 on cn05 initialized
processor 104/384 on cn02 initialized
processor 233/384 on cn04 initialized
processor 361/384 on cn06 initialized
processor 182/384 on cn03 initialized
processor 305/384 on cn05 initialized
processor 105/384 on cn02 initialized
processor 235/384 on cn04 initialized
processor 362/384 on cn06 initialized
processor 183/384 on cn03 initialized
processor 308/384 on cn05 initialized
processor 106/384 on cn02 initialized
processor 237/384 on cn04 initialized
processor 363/384 on cn06 initialized
processor 184/384 on cn03 initialized
processor 309/384 on cn05 initialized
processor 107/384 on cn02 initialized
processor 238/384 on cn04 initialized
processor 365/384 on cn06 initialized
processor 185/384 on cn03 initialized
processor 311/384 on cn05 initialized
processor 108/384 on cn02 initialized
processor 241/384 on cn04 initialized
processor 366/384 on cn06 initialized
processor 187/384 on cn03 initialized
processor 312/384 on cn05 initialized
processor 109/384 on cn02 initialized
processor 242/384 on cn04 initialized
processor 367/384 on cn06 initialized
processor 188/384 on cn03 initialized
processor 313/384 on cn05 initialized
processor 110/384 on cn02 initialized
processor 243/384 on cn04 initialized
processor 368/384 on cn06 initialized
processor 189/384 on cn03 initialized
processor 314/384 on cn05 initialized
processor 111/384 on cn02 initialized
processor 244/384 on cn04 initialized
processor 369/384 on cn06 initialized
processor 190/384 on cn03 initialized
processor 315/384 on cn05 initialized
processor 112/384 on cn02 initialized
processor 245/384 on cn04 initialized
processor 370/384 on cn06 initialized
processor 191/384 on cn03 initialized
processor 316/384 on cn05 initialized
processor 113/384 on cn02 initialized
processor 246/384 on cn04 initialized
processor 371/384 on cn06 initialized
processor 192/384 on cn03 initialized
processor 317/384 on cn05 initialized
processor 114/384 on cn02 initialized
processor 247/384 on cn04 initialized
processor 372/384 on cn06 initialized
processor 129/384 on cn03 initialized
processor 318/384 on cn05 initialized
processor 115/384 on cn02 initialized
processor 248/384 on cn04 initialized
processor 373/384 on cn06 initialized
processor 130/384 on cn03 initialized
processor processor 116/384 on cn02 initialized
processor 249/384 on cn04 initialized
processor 374/384 on cn06 initialized
processor 132/384 on cn03 initialized
processor 320/384 on cn05 initialized
processor 117/384 on cn02 initialized
processor 250/384 on cn04 initialized
processor 375/384 on cn06 initialized
processor 134/384 on cn03 initialized
processor 258/384 on cn05 initialized
processor 118/384 on cn02 initialized
processor 251/384 on cn04 initialized
processor 376/384 on cn06 initialized
processor 136/384 on cn03 initialized
processor 260/384 on cn05 initialized
processor 119/384 on cn02 initialized
processor 253/384 on cn04 initialized
processor 377/384 on cn06 initialized
processor 138/384 on cn03 initialized
processor 120/384 on cn02 initialized
processor 254/384 on cn04 initialized
processor 378/384 on cn06 initialized
processor 140/384 on cn03 initialized
processor 261/384 on cn05 initialized
processor 121/384 on cn02 initialized
processor 255/384 on cn04 initialized
processor 379/384 on cn06 initialized
processor 141/384 on cn03 initialized
processor 262/384 on cn05 initialized
processor 122/384 on cn02 initialized
processor 256/384 on cn04 initialized
processor 380/384 on cn06 initialized
processor 142/384 on cn03 initialized
processor 263/384 on cn05 initialized
processor 123/384 on cn02 initialized
processor 193/384 on cn04 initialized
processor 381/384 on cn06 initialized
processor 144/384 on cn03 initialized
processor 264/384 on cn05 initialized
processor 124/384 on cn02 initialized
processor 194/384 on cn04 initialized
processor 382/384 on cn06 initialized
processor 146/384 on cn03 initialized
processor 265/384 on cn05 initialized
processor 125/384 on cn02 initialized
processor 196/384 on cn04 initialized
processor 383/384 on cn06 initialized
processor 147/384 on cn03 initialized
processor 266/384 on cn05 initialized
processor 126/384 on cn02 initialized
processor 198/384 on cn04 initialized
processor 384/384 on cn06 initialized
processor 148/384 on cn03 initialized
processor 268/384 on cn05 initialized
processor 127/384 on cn02 initialized
processor 200/384 on cn04 initialized
processor 321/384 on cn06 initialized
processor 150/384 on cn03 initialized
processor 270/384 on cn05 initialized
processor 128/384 on cn02 initialized
processor 201/384 on cn04 initialized
processor 322/384 on cn06 initialized
processor 152/384 on cn03 initialized
processor 272/384 on cn05 initialized
processor 65/384 on cn02 initialized
processor 203/384 on cn04 initialized
processor 324/384 on cn06 initialized
processor 156/384 on cn03 initialized
processor 274/384 on cn05 initialized
processor 66/384 on cn02 initialized
processor 205/384 on cn04 initialized
processor 326/384 on cn06 initialized
processor 157/384 on cn03 initialized
processor 276/384 on cn05 initialized
processor 67/384 on cn02 initialized
processor 206/384 on cn04 initialized
processor 327/384 on cn06 initialized
processor 158/384 on cn03 initialized
processor 278/384 on cn05 initialized
processor 68/384 on cn02 initialized
processor 210/384 on cn04 initialized
processor 328/384 on cn06 initialized
processor 162/384 on cn03 initialized
processor 280/384 on cn05 initialized
processor 71/384 on cn02 initialized
processor 211/384 on cn04 initialized
processor 329/384 on cn06 initialized
processor 164/384 on cn03 initialized
processor 282/384 on cn05 initialized
processor 72/384 on cn02 initialized
processor 212/384 on cn04 initialized
processor 330/384 on cn06 initialized
processor 165/384 on cn03 initialized
processor 284/384 on cn05 initialized
processor 74/384 on cn02 initialized
processor 215/384 on cn04 initialized
processor 331/384 on cn06 initialized
processor 168/384 on cn03 initialized
processor 286/384 on cn05 initialized
processor 75/384 on cn02 initialized
processor 216/384 on cn04 initialized
processor 334/384 on cn06 initialized
processor 170/384 on cn03 initialized
processor 288/384 on cn05 initialized
processor 76/384 on cn02 initialized
processor 218/384 on cn04 initialized
processor 336/384 on cn06 initialized
processor 172/384 on cn03 initialized
processor 290/384 on cn05 initialized
processor 77/384 on cn02 initialized
processor 220/384 on cn04 initialized
processor 337/384 on cn06 initialized
processor 174/384 on cn03 initialized
processor 292/384 on cn05 initialized
processor 78/384 on cn02 initialized
processor 222/384 on cn04 initialized
processor 338/384 on cn06 initialized
processor 178/384 on cn03 initialized
processor 294/384 on cn05 initialized
processor 80/384 on cn02 initialized
processor 223/384 on cn04 initialized
processor 342/384 on cn06 initialized
processor 180/384 on cn03 initialized
processor 304/384 on cn05 initialized
processor 81/384 on cn02 initialized
processor 226/384 on cn04 initialized
processor 343/384 on cn06 initialized
processor 186/384 on cn03 initialized
processor 306/384 on cn05 initialized
processor 83/384 on cn02 initialized
processor 228/384 on cn04 initialized
processor 344/384 on cn06 initialized
processor 307/384 on cn05 initialized
processor 84/384 on cn02 initialized
processor 230/384 on cn04 initialized
processor 346/384 on cn06 initialized
processor 310/384 on cn05 initialized
processor 85/384 on cn02 initialized
processor 232/384 on cn04 initialized
processor 348/384 on cn06 initialized
processor 97/384 on cn02 initialized
processor 234/384 on cn04 initialized
processor 236/384 on cn04 initialized
processor 360/384 on cn06 initialized
processor 99/384 on cn02 initialized
processor 239/384 on cn04 initialized
processor 364/384 on cn06 initialized
processor 240/384 on cn04 initialized
processor 252/384 on cn04 initialized
319/384 on cn05 initialized
227/384 on cn04 initialized
processor 333/384 on cn06 initialized
175/384 on cn03 initialized
processor 79/384 on cn02 initialized
testing the constructor...testing the constructor...
testing the constructor...
testing the constructor...
testing the constructor...
testing the constructor...
testing the constructor...
testing the constructor...
testing the constructor...
testing the constructor...
testing the constructor...
testing the constructor...
testing the constructor...
testing the constructor...
testing the constructor...
testing the constructor...
testing the constructor...
testing the constructor...testing the constructor...testing the constructor...
testing the constructor...
testing the constructor...
testing the constructor...
testing the constructor...
testing the constructor...
testing the constructor...
testing the constructor...
testing the constructor...
testing the constructor...
testing the constructor...
testing the constructor...
testing the constructor...
testing the constructor...testing the constructor...
testing the constructor...
testing the constructor...
testing the constructor...
testing the constructor...
testing the constructor...
testing the constructor...
testing the constructor...
testing the constructor...
testing the constructor...
testing the constructor...
testing the constructor...
testing the constructor...
Requested 1000 trials and 1000 acceptances, giving you 1152 and 1152
Observed data is a(n) 2x27 matrix, as follows:

0	0	0	0	0	0	0	0	0	0	0	1	6	55	244	547	888	1204	1442	1629	1753	1822	1864	1899	1919	1935	1940
0	0	0	0	0	0	0	0	0	0	0	10	67	300	720	1067	1387	1598	1775	1924	2030	2092	2139	2173	2202	2221	2234

Loading 'SEEEIRDS_CH/SEEEIRDS_CH.so' shared library...testing the constructor...
testing the constructor...
testing the constructor...
testing the constructor...
testing the constructor...
testing the constructor...
testing the constructor...
testing the constructor...
testing the constructor...
testing the constructor...
testing the constructor...
testing the constructor...

testing the constructor...
testing the constructor...
testing the constructor...
testing the constructor...
testing the constructor...
testing the constructor...
testing the constructor...
testing the constructor...
testing the constructor...
testing the constructor...
testing the constructor...
testing the constructor...
testing the constructor...
testing the constructor...
testing the constructor...
testing the constructor...testing the constructor...
testing the constructor...
testing the constructor...
testing the constructor...
testing the constructor...
testing the constructor...
testing the constructor...
testing the constructor...
testing the constructor...
testing the constructor...
testing the constructor...
testing the constructor...
testing the constructor...
testing the constructor...
testing the constructor...
testing the constructor...
testing the constructor...
testing the constructor...
testing the constructor...
testing the constructor...
testing the constructor...
testing the constructor...
testing the constructor...
testing the constructor...
testing the constructor...
testing the constructor...
testing the constructor...
testing the constructor...
testing the constructor...
testing the constructor...
testing the constructor...
testing the constructor...
testing the constructor...
testing the constructor...
testing the constructor...
testing the constructor...
testing the constructor...
testing the constructor...
testing the constructor...
testing the constructor...
testing the constructor...
testing the constructor...
testing the constructor...
testing the constructor...
testing the constructor...
testing the constructor...
testing the constructor...
testing the constructor...
testing the constructor...
testing the constructor...
testing the constructor...
testing the constructor...
testing the constructor...
testing the constructor...
testing the constructor...
testing the constructor...
testing the constructor...
testing the constructor...
testing the constructor...
testing the constructor...
testing the constructor...
testing the constructor...
testing the constructor...
testing the constructor...
testing the constructor...
testing the constructor...
testing the constructor...
testing the constructor...
testing the constructor...
testing the constructor...

testing the constructor...
testing the constructor...
testing the constructor...
testing the constructor...
testing the constructor...
testing the constructor...
testing the constructor...
testing the constructor...
testing the constructor...
testing the constructor...
testing the constructor...
testing the constructor...
testing the constructor...
testing the constructor...
testing the constructor...
testing the constructor...
testing the constructor...
testing the constructor...

testing the constructor...
testing the constructor...
testing the constructor...
testing the constructor...
testing the constructor...
testing the constructor...
testing the constructor...
testing the constructor...
testing the constructor...
testing the constructor...
testing the constructor...
testing the constructor...
testing the constructor...
testing the constructor...
testing the constructor...
testing the constructor...
testing the constructor...
testing the constructor...
testing the constructor...
testing the constructor...
testing the constructor...
testing the constructor...
testing the constructor...
testing the constructor...
testing the constructor...
testing the constructor...
testing the constructor...
testing the constructor...
testing the constructor...
testing the constructor...
testing the constructor...
testing the constructor...
testing the constructor...
testing the constructor...
testing the constructor...
testing the constructor...
testing the constructor...
 done
testing the constructor...
testing the constructor...
testing the constructor...
testing the constructor...
testing the constructor...
testing the constructor...
testing the constructor...
testing the constructor...
testing the constructor...
testing the constructor...
testing the constructor...
testing the constructor...
testing the constructor...
testing the constructor...
testing the constructor...
testing the constructor...
testing the constructor...
testing the constructor...
testing the constructor...
testing the constructor...
testing the constructor...
testing the constructor...
testing the constructor...
testing the constructor...
testing the constructor...
testing the constructor...
testing the constructor...
testing the constructor...
testing the constructor...
testing the constructor...
testing the constructor...
testing the constructor...
testing the constructor...
testing the constructor...
testing the constructor...
testing the constructor...
testing the constructor...
testing the constructor...
testing the constructor...
testing the constructor...
testing the constructor...
testing the constructor...
testing the constructor...
testing the constructor...
testing the constructor...
testing the constructor...
testing the constructor...
testing the constructor...
testing the constructor...
testing the constructor...
testing the constructor...
testing the constructor...
testing the constructor...
testing the constructor...
testing the constructor...
testing the constructor...
testing the constructor...
testing the constructor...
testing the constructor...
testing the constructor...
testing the constructor...
testing the constructor...
testing the constructor...
testing the constructor...
testing the constructor...
testing the constructor...
testing the constructor...
testing the constructor...
testing the constructor...
testing the constructor...
testing the constructor...
testing the constructor...
testing the constructor...
testing the constructor...
testing the constructor...
testing the constructor...
testing the constructor...
testing the constructor...
testing the constructor...
testing the constructor...
testing the constructor...
testing the constructor...
testing the constructor...
testing the constructor...
testing the constructor...
testing the constructor...
testing the constructor...
testing the constructor...
testing the constructor...
testing the constructor...
testing the constructor...
testing the constructor...
testing the constructor...
testing the constructor...
testing the constructor...

testing the constructor...
testing the constructor...
testing the constructor...
testing the constructor...
testing the constructor...
testing the constructor...
testing the constructor...
testing the constructor...
testing the constructor...
testing the constructor...
testing the constructor...
testing the constructor...
testing the constructor...
testing the constructor...
testing the constructor...
testing the constructor...
testing the constructor...
testing the constructor...
testing the constructor...
testing the constructor...
testing the constructor...
testing the constructor...
testing the constructor...
testing the constructor...
testing the constructor...
testing the constructor...
testing the constructor...
testing the constructor...
testing the constructor...
testing the constructor...
testing the constructor...
testing the constructor...
testing the constructor...
testing the constructor...
testing the constructor...
testing the constructor...
testing the constructor...
testing the constructor...
testing the constructor...
testing the constructor...
testing the constructor...
testing the constructor...
testing the constructor...
testing the constructor...
testing the constructor...
testing the constructor...
testing the constructor...
testing the constructor...
testing the constructor...
testing the constructor...
testing the constructor...
testing the constructor...
testing the constructor...
testing the constructor...
testing the constructor...
testing the constructor...
testing the constructor...
testing the constructor...
testing the constructor...
testing the constructor...
testing the constructor...
testing the constructor...
testing the constructor...
testing the constructor...
testing the constructor...
testing the constructor...
testing the constructor...
testing the constructor...
testing the constructor...
testing the constructor...
testing the constructor...
testing the constructor...
testing the constructor...
testing the constructor...
testing the constructor...
testing the constructor...
testing the constructor...
testing the constructor...
testing the constructor...
testing the constructor...
testing the constructor...
testing the constructor...
testing the constructor...

testing the constructor...
testing the constructor...
testing the constructor...
testing the constructor...
testing the constructor...
testing the constructor...
testing the constructor...
generation=1/0, epsilon=3.40282e+38, simulations=(0/3,0/3,0/3,0/3,0/3,0/3,0/3,0/3,0/3,0/3,0/3,0/3,0/3,0/3,0/3,0/3,0/3,0/3,0/3,0/3,0/3,0/3,0/3,0/3,0/3,0/3,0/3,0/3,0/3,0/3,0/3,0/3,0/3,0/3,0/3,0/3,0/3,0/3,0/3,0/3,0/3,0/3,0/3,0/3,0/3,0/3,0/3,0/3,0/3,0/3,0/3,0/3,0/3,0/3,0/3,0/3,0/3,0/3,0/3,0/3,0/3,0/3,0/3,0/3,0/3,0/3,0/3,0/3,0/3,0/3,0/3,0/3,0/3,0/3,0/3,0/3,0/3,0/3,0/3,0/3,0/3,0/3,0/3,0/3,0/3,0/3,0/3,0/3,0/3,0/3,0/3,0/3,0/3,0/3,0/3,0/3,0/3,0/3,0/3,0/3,0/3,0/3,0/3,0/3,0/3,0/3,0/3,0/3,0/3,0/3,0/3,0/3,0/3,0/3,0/3,0/3,0/3,0/3,0/3,0/3,0/3,0/3,0/3,0/3,0/3,0/3,0/3,0/3,0/3,0/3,0/3,0/3,0/3,0/3,0/3,0/3,0/3,0/3,0/3,0/3,0/3,0/3,0/3,0/3,0/3,0/3,0/3,0/3,0/3,0/3,0/3,0/3,0/3,0/3,0/3,0/3,0/3,0/3,0/3,0/3,0/3,0/3,0/3,0/3,0/3,0/3,0/3,0/3,0/3,0/3,0/3,0/3,0/3,0/3,0/3,0/3,0/3,0/3,0/3,0/3,0/3,0/3,0/3,0/3,0/3,0/3,0/3,0/3,0/3,0/3,0/3,0/3,0/3,0/3,0/3,0/3,0/3,0/3,0/3,0/3,0/3,0/3,0/3,0/3,0/3,0/3,0/3,0/3,0/3,0/3,0/3,0/3,0/3,0/3,0/3,0/3,0/3,0/3,0/3,0/3,0/3,0/3,0/3,0/3,0/3,0/3,0/3,0/3,0/3,0/3,0/3,0/3,0/3,0/3,0/3,0/3,0/3,0/3,0/3,0/3,0/3,0/3,0/3,0/3,0/3,0/3,0/3,0/3,0/3,0/3,0/3,0/3,0/3,0/3,0/3,0/3,0/3,0/3,0/3,0/3,0/3,0/3,0/3,0/3,0/3,0/3,0/3,0/3,0/3,0/3,0/3,0/3,0/3,0/3,0/3,0/3,0/3,0/3,0/3,0/3,0/3,0/3,0/3,0/3,0/3,0/3,0/3,0/3,0/3,0/3,0/3,0/3,0/3,0/3,0/3,0/3,0/3,0/3,0/3,0/3,0/3,0/3,0/3,0/3,0/3,0/3,0/3,0/3,0/3,0/3,0/3,0/3,0/3,0/3,0/3,0/3,0/3,0/3,0/3,0/3,0/3,0/3,0/3,0/3,0/3,0/3,0/3,0/3,0/3,0/3,0/3,0/3,0/3,0/3,0/3,0/3,0/3,0/3,0/3,0/3,0/3,0/3,0/3,0/3,0/3,0/3,0/3,0/3,0/3,0/3,0/3,0/3,0/3,0/3,0/3,0/3,0/3,0/3,0/3,0/3,0/3,0/3,0/3,0/3,0/3,0/3,0/3,0/3,0/3,0/3,0/3,0/3,0/3,0/3,0/3,0/3,0/3,0/3,0/3,0/3,0/3,0/3,0/3,0/3)...generation=1/0, epsilon=3.40282e+38, simulations=(0/3,0/3,0/3,0/3,0/3,0/3,0/3,0/3,0/3,0/3,0/3,0/3,0/3,0/3,0/3,0/3,0/3,0/3,0/3,0/3,0/3,0/3,0/3,0/3,0/3,0/3,0/3,0/3,0/3,0/3,0/3,0/3,0/3,0/3,0/3,0/3,0/3,0/3,0/3,0/3,0/3,0/3,0/3,0/3,0/3,0/3,0/3,0/3,0/3,0/3,0/3,0/3,0/3,0/3,0/3,0/3,0/3,0/3,0/3,0/3,0/3,0/3,0/3,0/3,0/3,0/3,0/3,0/3,0/3,0/3,0/3,0/3,0/3,0/3,0/3,0/3,0/3,0/3,0/3,0/3,0/3,0/3,0/3,0/3,0/3,0/3,0/3,0/3,0/3,0/3,0/3,0/3,0/3,0/3,0/3,0/3,0/3,0/3,0/3,0/3,0/3,0/3,0/3,0/3,0/3,0/3,0/3,0/3,0/3,0/3,0/3,0/3,0/3,0/3,0/3,0/3,0/3,0/3,0/3,0/3,0/3,0/3,0/3,0/3,0/3,0/3,0/3,0/3,0/3,0/3,0/3,0/3,0/3,0/3,0/3,0/3,0/3,0/3,0/3,0/3,0/3,0/3,0/3,0/3,0/3,0/3,0/3,0/3,0/3,0/3,0/3,0/3,0/3,0/3,0/3,0/3,0/3,0/3,0/3,0/3,0/3,0/3,0/3,0/3,0/3,0/3,0/3,0/3,0/3,0/3,0/3,0/3,0/3,0/3,0/3,0/3,0/3,0/3,0/3,0/3,0/3,0/3,0/3,0/3,0/3,0/3,0/3,0/3,0/3,0/3,0/3,0/3,0/3,0/3,0/3,0/3,0/3,0/3,0/3,0/3,0/3,0/3,0/3,0/3,0/3,0/3,0/3,0/3,0/3,0/3,0/3,0/3,0/3,0/3,0/3,0/3,0/3,0/3,0/3,0/3,0/3,0/3,0/3,0/3,0/3,0/3,0/3,0/3,0/3,0/3,0/3,0/3,0/3,0/3,0/3,0/3,0/3,0/3,0/3,0/3,0/3,0/3,0/3,0/3,0/3,0/3,0/3,0/3,0/3,0/3,0/3,0/3,0/3,0/3,0/3,0/3,0/3,0/3,0/3,0/3,0/3,0/3,0/3,0/3,0/3,0/3,0/3,0/3,0/3,0/3,0/3,0/3,0/3,0/3,0/3,0/3,0/3,0/3,0/3,0/3,0/3,0/3,0/3,0/3,0/3,0/3,0/3,0/3,0/3,0/3,0/3,0/3,0/3,0/3,0/3,0/3,0/3,0/3,0/3,0/3,0/3,0/3,0/3,0/3,0/3,0/3,0/3,0/3,0/3,0/3,0/3,0/3,0/3,0/3,0/3,0/3,0/3,0/3,0/3,0/3,0/3,0/3,0/3,0/3,0/3,0/3,0/3,0/3,0/3,0/3,0/3,0/3,0/3,0/3,0/3,0/3,0/3,0/3,0/3,0/3,0/3,0/3,0/3,0/3,0/3,0/3,0/3,0/3,0/3,0/3,0/3,0/3,0/3,0/3,0/3,0/3,0/3,0/3,0/3,0/3,0/3,0/3,0/3,0/3,0/3,0/3,0/3,0/3,0/3,0/3,0/3,0/3,0/3,0/3,0/3,0/3,0/3,0/3,0/3,0/3,0/3,0/3,0/3,0/3)...generation=1/0, epsilon=3.40282e+38, simulations=(3/3,0/3,0/3,0/3,0/3,0/3,0/3,0/3,0/3,0/3,0/3,0/3,0/3,0/3,0/3,0/3,0/3,0/3,0/3,0/3,0/3,0/3,0/3,0/3,0/3,0/3,0/3,0/3,0/3,0/3,0/3,0/3,0/3,0/3,0/3,0/3,0/3,0/3,0/3,0/3,0/3,0/3,0/3,0/3,0/3,0/3,0/3,0/3,0/3,0/3,0/3,0/3,0/3,0/3,0/3,0/3,0/3,0/3,0/3,0/3,0/3,0/3,0/3,0/3,0/3,0/3,0/3,0/3,0/3,0/3,0/3,0/3,0/3,0/3,0/3,0/3,0/3,0/3,0/3,0/3,0/3,0/3,0/3,0/3,0/3,0/3,0/3,0/3,0/3,0/3,0/3,0/3,0/3,0/3,0/3,0/3,0/3,0/3,0/3,0/3,0/3,0/3,0/3,0/3,0/3,0/3,0/3,0/3,0/3,0/3,0/3,0/3,0/3,0/3,0/3,0/3,0/3,0/3,0/3,0/3,0/3,0/3,0/3,0/3,0/3,0/3,0/3,0/3,0/3,0/3,0/3,0/3,0/3,0/3,0/3,0/3,0/3,0/3,0/3,0/3,0/3,0/3,0/3,0/3,0/3,0/3,0/3,0/3,0/3,0/3,0/3,0/3,0/3,0/3,0/3,0/3,0/3,0/3,0/3,0/3,0/3,0/3,0/3,0/3,0/3,0/3,0/3,0/3,0/3,0/3,0/3,0/3,0/3,0/3,0/3,0/3,0/3,0/3,0/3,0/3,0/3,0/3,0/3,0/3,0/3,0/3,0/3,0/3,0/3,0/3,0/3,0/3,0/3,0/3,0/3,0/3,0/3,0/3,0/3,0/3,0/3,0/3,0/3,0/3,0/3,0/3,0/3,0/3,0/3,0/3,0/3,0/3,0/3,0/3,0/3,0/3,0/3,0/3,0/3,0/3,0/3,0/3,0/3,0/3,0/3,0/3,0/3,0/3,0/3,0/3,0/3,0/3,0/3,0/3,0/3,0/3,0/3,0/3,0/3,0/3,0/3,0/3,0/3,0/3,0/3,0/3,0/3,0/3,0/3,0/3,0/3,0/3,0/3,0/3,0/3,0/3,0/3,0/3,0/3,0/3,0/3,0/3,0/3,0/3,0/3,0/3,0/3,0/3,0/3,0/3,0/3,0/3,0/3,0/3,0/3,0/3,0/3,0/3,0/3,0/3,0/3,0/3,0/3,0/3,0/3,0/3,0/3,0/3,0/3,0/3,0/3,0/3,0/3,0/3,0/3,0/3,0/3,0/3,0/3,0/3,0/3,0/3,0/3,0/3,0/3,0/3,0/3,0/3,0/3,0/3,0/3,0/3,0/3,0/3,0/3,0/3,0/3,0/3,0/3,0/3,0/3,0/3,0/3,0/3,0/3,0/3,0/3,0/3,0/3,0/3,0/3,0/3,0/3,0/3,0/3,0/3,0/3,0/3,0/3,0/3,0/3,0/3,0/3,0/3,0/3,0/3,0/3,0/3,0/3,0/3,0/3,0/3,0/3,0/3,0/3,0/3,0/3,0/3,0/3,0/3,0/3,0/3,0/3,0/3,0/3,0/3,0/3,0/3,0/3,0/3,0/3,0/3,0/3,0/3,0/3,0/3,0/3,0/3,0/3,0/3,0/3,0/3,0/3,0/3)... in 0.476316 seconds
generation=2/0, epsilon=83025.5, simulations=(0/3,0/3,0/3,0/3,0/3,0/3,0/3,0/3,0/3,0/3,0/3,0/3,0/3,0/3,0/3,0/3,0/3,0/3,0/3,0/3,0/3,0/3,0/3,0/3,0/3,0/3,0/3,0/3,0/3,0/3,0/3,0/3,0/3,0/3,0/3,0/3,0/3,0/3,0/3,0/3,0/3,0/3,0/3,0/3,0/3,0/3,0/3,0/3,0/3,0/3,0/3,0/3,0/3,0/3,0/3,0/3,0/3,0/3,0/3,0/3,0/3,0/3,0/3,0/3,0/3,0/3,0/3,0/3,0/3,0/3,0/3,0/3,0/3,0/3,0/3,0/3,0/3,0/3,0/3,0/3,0/3,0/3,0/3,0/3,0/3,0/3,0/3,0/3,0/3,0/3,0/3,0/3,0/3,0/3,0/3,0/3,0/3,0/3,0/3,0/3,0/3,0/3,0/3,0/3,0/3,0/3,0/3,0/3,0/3,0/3,0/3,0/3,0/3,0/3,0/3,0/3,0/3,0/3,0/3,0/3,0/3,0/3,0/3,0/3,0/3,0/3,0/3,0/3,0/3,0/3,0/3,0/3,0/3,0/3,0/3,0/3,0/3,0/3,0/3,0/3,0/3,0/3,0/3,0/3,0/3,0/3,0/3,0/3,0/3,0/3,0/3,0/3,0/3,0/3,0/3,0/3,0/3,0/3,0/3,0/3,0/3,0/3,0/3,0/3,0/3,0/3,0/3,0/3,0/3,0/3,0/3,0/3,0/3,0/3,0/3,0/3,0/3,0/3,0/3,0/3,0/3,0/3,0/3,0/3,0/3,0/3,0/3,0/3,0/3,0/3,0/3,0/3,0/3,0/3,0/3,0/3,0/3,0/3,0/3,0/3,0/3,0/3,0/3,0/3,0/3,0/3,0/3,0/3,0/3,0/3,0/3,0/3,0/3,0/3,0/3,0/3,0/3,0/3,0/3,0/3,0/3,0/3,0/3,0/3,0/3,0/3,0/3,0/3,0/3,0/3,0/3,0/3,0/3,0/3,0/3,0/3,0/3,0/3,0/3,0/3,0/3,0/3,0/3,0/3,0/3,0/3,0/3,0/3,0/3,0/3,0/3,0/3,0/3,0/3,0/3,0/3,0/3,0/3,0/3,0/3,0/3,0/3,0/3,0/3,0/3,0/3,0/3,0/3,0/3,0/3,0/3,0/3,0/3,0/3,0/3,0/3,0/3,0/3,0/3,0/3,0/3,0/3,0/3,0/3,0/3,0/3,0/3,0/3,0/3,0/3,0/3,0/3,0/3,0/3,0/3,0/3,0/3,0/3,0/3,0/3,0/3,0/3,0/3,0/3,0/3,0/3,0/3,0/3,0/3,0/3,0/3,0/3,0/3,0/3,0/3,0/3,0/3,0/3,0/3,0/3,0/3,0/3,0/3,0/3,0/3,0/3,0/3,0/3,0/3,0/3,0/3,0/3,0/3,0/3,0/3,0/3,0/3,0/3,0/3,0/3,0/3,0/3,0/3,0/3,0/3,0/3,0/3,0/3,0/3,0/3,0/3,0/3,0/3,0/3,0/3,0/3,0/3,0/3,0/3,0/3,0/3,0/3,0/3,0/3,0/3,0/3,0/3,0/3,0/3,0/3,0/3,0/3,0/3,0/3,0/3,0/3,0/3,0/3,0/3,0/3,0/3,0/3,0/3,0/3)...generation=2/0, epsilon=83025.5, simulations=(0/3,0/3,0/3,0/3,0/3,0/3,0/3,0/3,0/3,0/3,0/3,0/3,0/3,0/3,0/3,0/3,0/3,0/3,0/3,0/3,0/3,0/3,0/3,0/3,0/3,0/3,0/3,0/3,0/3,0/3,0/3,0/3,0/3,0/3,0/3,0/3,0/3,0/3,0/3,0/3,0/3,0/3,0/3,0/3,0/3,0/3,0/3,0/3,0/3,0/3,0/3,0/3,0/3,0/3,0/3,0/3,0/3,0/3,0/3,0/3,0/3,0/3,0/3,0/3,0/3,0/3,0/3,0/3,0/3,0/3,0/3,0/3,0/3,0/3,0/3,0/3,0/3,0/3,0/3,0/3,0/3,0/3,0/3,0/3,0/3,0/3,0/3,0/3,0/3,0/3,0/3,0/3,0/3,0/3,0/3,0/3,0/3,0/3,0/3,0/3,0/3,0/3,0/3,0/3,0/3,0/3,0/3,0/3,0/3,0/3,0/3,0/3,0/3,0/3,0/3,0/3,0/3,0/3,0/3,0/3,0/3,0/3,0/3,0/3,0/3,0/3,0/3,0/3,0/3,0/3,0/3,0/3,0/3,0/3,0/3,0/3,0/3,0/3,0/3,0/3,0/3,0/3,0/3,0/3,0/3,0/3,0/3,0/3,0/3,0/3,0/3,0/3,0/3,0/3,0/3,0/3,0/3,0/3,0/3,0/3,0/3,0/3,0/3,0/3,0/3,0/3,0/3,0/3,0/3,0/3,0/3,0/3,0/3,0/3,0/3,0/3,0/3,0/3,0/3,0/3,0/3,0/3,0/3,0/3,0/3,0/3,0/3,0/3,0/3,0/3,0/3,0/3,0/3,0/3,0/3,0/3,0/3,0/3,0/3,0/3,0/3,0/3,0/3,0/3,0/3,0/3,0/3,0/3,0/3,0/3,0/3,0/3,0/3,0/3,0/3,0/3,0/3,0/3,0/3,0/3,0/3,0/3,0/3,0/3,0/3,0/3,0/3,0/3,0/3,0/3,0/3,0/3,0/3,0/3,0/3,0/3,0/3,0/3,0/3,0/3,0/3,0/3,0/3,0/3,0/3,0/3,0/3,0/3,0/3,0/3,0/3,0/3,0/3,0/3,0/3,0/3,0/3,0/3,0/3,0/3,0/3,0/3,0/3,0/3,0/3,0/3,0/3,0/3,0/3,0/3,0/3,0/3,0/3,0/3,0/3,0/3,0/3,0/3,0/3,0/3,0/3,0/3,0/3,0/3,0/3,0/3,0/3,0/3,0/3,0/3,0/3,0/3,0/3,0/3,0/3,0/3,0/3,0/3,0/3,0/3,0/3,0/3,0/3,0/3,0/3,0/3,0/3,0/3,0/3,0/3,0/3,0/3,0/3,0/3,0/3,0/3,0/3,0/3,0/3,0/3,0/3,0/3,0/3,0/3,0/3,0/3,0/3,0/3,0/3,0/3,0/3,0/3,0/3,0/3,0/3,0/3,0/3,0/3,0/3,0/3,0/3,0/3,0/3,0/3,0/3,0/3,0/3,0/3,0/3,0/3,0/3,0/3,0/3,0/3,0/3,0/3,0/3,0/3,0/3,0/3,0/3,0/3,0/3,0/3,0/3,0/3,0/3,0/3,0/3,0/3,0/3,0/3,0/3,0/3,0/3,0/3,0/3,0/3,0/3,0/3,0/3,0/3,0/3,0/3)...generation=2/0, epsilon=83025.5, simulations=(3/3,0/3,0/3,0/3,0/3,0/3,0/3,0/3,0/3,0/3,0/3,0/3,0/3,0/3,0/3,0/3,0/3,0/3,0/3,0/3,0/3,0/3,0/3,0/3,0/3,0/3,0/3,0/3,0/3,0/3,0/3,0/3,0/3,0/3,0/3,0/3,0/3,0/3,0/3,0/3,0/3,0/3,0/3,0/3,0/3,0/3,0/3,0/3,0/3,0/3,0/3,0/3,0/3,0/3,0/3,0/3,0/3,0/3,0/3,0/3,0/3,0/3,0/3,0/3,0/3,0/3,0/3,0/3,0/3,0/3,0/3,0/3,0/3,0/3,0/3,0/3,0/3,0/3,0/3,0/3,0/3,0/3,0/3,0/3,0/3,0/3,0/3,0/3,0/3,0/3,0/3,0/3,0/3,0/3,0/3,0/3,0/3,0/3,0/3,0/3,0/3,0/3,0/3,0/3,0/3,0/3,0/3,0/3,0/3,0/3,0/3,0/3,0/3,0/3,0/3,0/3,0/3,0/3,0/3,0/3,0/3,0/3,0/3,0/3,0/3,0/3,0/3,0/3,0/3,0/3,0/3,0/3,0/3,0/3,0/3,0/3,0/3,0/3,0/3,0/3,0/3,0/3,0/3,0/3,0/3,0/3,0/3,0/3,0/3,0/3,0/3,0/3,0/3,0/3,0/3,0/3,0/3,0/3,0/3,0/3,0/3,0/3,0/3,0/3,0/3,0/3,0/3,0/3,0/3,0/3,0/3,0/3,0/3,0/3,0/3,0/3,0/3,0/3,0/3,0/3,0/3,0/3,0/3,0/3,0/3,0/3,0/3,0/3,0/3,0/3,0/3,0/3,0/3,0/3,0/3,0/3,0/3,0/3,0/3,0/3,0/3,0/3,0/3,0/3,0/3,0/3,0/3,0/3,0/3,0/3,0/3,0/3,0/3,0/3,0/3,0/3,0/3,0/3,0/3,0/3,0/3,0/3,0/3,0/3,0/3,0/3,0/3,0/3,0/3,0/3,0/3,0/3,0/3,0/3,0/3,0/3,0/3,0/3,0/3,0/3,0/3,0/3,0/3,0/3,0/3,0/3,0/3,0/3,0/3,0/3,0/3,0/3,0/3,0/3,0/3,0/3,0/3,0/3,0/3,0/3,0/3,0/3,0/3,0/3,0/3,0/3,0/3,0/3,0/3,0/3,0/3,0/3,0/3,0/3,0/3,0/3,0/3,0/3,0/3,0/3,0/3,0/3,0/3,0/3,0/3,0/3,0/3,0/3,0/3,0/3,0/3,0/3,0/3,0/3,0/3,0/3,0/3,0/3,0/3,0/3,0/3,0/3,0/3,0/3,0/3,0/3,0/3,0/3,0/3,0/3,0/3,0/3,0/3,0/3,0/3,0/3,0/3,0/3,0/3,0/3,0/3,0/3,0/3,0/3,0/3,0/3,0/3,0/3,0/3,0/3,0/3,0/3,0/3,0/3,0/3,0/3,0/3,0/3,0/3,0/3,0/3,0/3,0/3,0/3,0/3,0/3,0/3,0/3,0/3,0/3,0/3,0/3,0/3,0/3,0/3,0/3,0/3,0/3,0/3,0/3,0/3,0/3,0/3,0/3,0/3,0/3,0/3,0/3,0/3,0/3,0/3,0/3,0/3,0/3,0/3,0/3,0/3,0/3,0/3,0/3,0/3,0/3,0/3,0/3)... in 1.91913 seconds
generation=3/0, epsilon=9710.48, simulations=(0/3,0/3,0/3,0/3,0/3,0/3,0/3,0/3,0/3,0/3,0/3,0/3,0/3,0/3,0/3,0/3,0/3,0/3,0/3,0/3,0/3,0/3,0/3,0/3,0/3,0/3,0/3,0/3,0/3,0/3,0/3,0/3,0/3,0/3,0/3,0/3,0/3,0/3,0/3,0/3,0/3,0/3,0/3,0/3,0/3,0/3,0/3,0/3,0/3,0/3,0/3,0/3,0/3,0/3,0/3,0/3,0/3,0/3,0/3,0/3,0/3,0/3,0/3,0/3,0/3,0/3,0/3,0/3,0/3,0/3,0/3,0/3,0/3,0/3,0/3,0/3,0/3,0/3,0/3,0/3,0/3,0/3,0/3,0/3,0/3,0/3,0/3,0/3,0/3,0/3,0/3,0/3,0/3,0/3,0/3,0/3,0/3,0/3,0/3,0/3,0/3,0/3,0/3,0/3,0/3,0/3,0/3,0/3,0/3,0/3,0/3,0/3,0/3,0/3,0/3,0/3,0/3,0/3,0/3,0/3,0/3,0/3,0/3,0/3,0/3,0/3,0/3,0/3,0/3,0/3,0/3,0/3,0/3,0/3,0/3,0/3,0/3,0/3,0/3,0/3,0/3,0/3,0/3,0/3,0/3,0/3,0/3,0/3,0/3,0/3,0/3,0/3,0/3,0/3,0/3,0/3,0/3,0/3,0/3,0/3,0/3,0/3,0/3,0/3,0/3,0/3,0/3,0/3,0/3,0/3,0/3,0/3,0/3,0/3,0/3,0/3,0/3,0/3,0/3,0/3,0/3,0/3,0/3,0/3,0/3,0/3,0/3,0/3,0/3,0/3,0/3,0/3,0/3,0/3,0/3,0/3,0/3,0/3,0/3,0/3,0/3,0/3,0/3,0/3,0/3,0/3,0/3,0/3,0/3,0/3,0/3,0/3,0/3,0/3,0/3,0/3,0/3,0/3,0/3,0/3,0/3,0/3,0/3,0/3,0/3,0/3,0/3,0/3,0/3,0/3,0/3,0/3,0/3,0/3,0/3,0/3,0/3,0/3,0/3,0/3,0/3,0/3,0/3,0/3,0/3,0/3,0/3,0/3,0/3,0/3,0/3,0/3,0/3,0/3,0/3,0/3,0/3,0/3,0/3,0/3,0/3,0/3,0/3,0/3,0/3,0/3,0/3,0/3,0/3,0/3,0/3,0/3,0/3,0/3,0/3,0/3,0/3,0/3,0/3,0/3,0/3,0/3,0/3,0/3,0/3,0/3,0/3,0/3,0/3,0/3,0/3,0/3,0/3,0/3,0/3,0/3,0/3,0/3,0/3,0/3,0/3,0/3,0/3,0/3,0/3,0/3,0/3,0/3,0/3,0/3,0/3,0/3,0/3,0/3,0/3,0/3,0/3,0/3,0/3,0/3,0/3,0/3,0/3,0/3,0/3,0/3,0/3,0/3,0/3,0/3,0/3,0/3,0/3,0/3,0/3,0/3,0/3,0/3,0/3,0/3,0/3,0/3,0/3,0/3,0/3,0/3,0/3,0/3,0/3,0/3,0/3,0/3,0/3,0/3,0/3,0/3,0/3,0/3,0/3,0/3,0/3,0/3,0/3,0/3,0/3,0/3,0/3,0/3,0/3,0/3,0/3,0/3,0/3,0/3,0/3,0/3,0/3,0/3,0/3,0/3,0/3,0/3,0/3,0/3)...generation=3/0, epsilon=9710.48, simulations=(0/3,0/3,0/3,0/3,0/3,0/3,0/3,0/3,0/3,0/3,0/3,0/3,0/3,0/3,0/3,0/3,0/3,0/3,0/3,0/3,0/3,0/3,0/3,0/3,0/3,0/3,0/3,0/3,0/3,0/3,0/3,0/3,0/3,0/3,0/3,0/3,0/3,0/3,0/3,0/3,0/3,0/3,0/3,0/3,0/3,0/3,0/3,0/3,0/3,0/3,0/3,0/3,0/3,0/3,0/3,0/3,0/3,0/3,0/3,0/3,0/3,0/3,0/3,0/3,0/3,0/3,0/3,0/3,0/3,0/3,0/3,0/3,0/3,0/3,0/3,0/3,0/3,0/3,0/3,0/3,0/3,0/3,0/3,0/3,0/3,0/3,0/3,0/3,0/3,0/3,0/3,0/3,0/3,0/3,0/3,0/3,0/3,0/3,0/3,0/3,0/3,0/3,0/3,0/3,0/3,0/3,0/3,0/3,0/3,0/3,0/3,0/3,0/3,0/3,0/3,0/3,0/3,0/3,0/3,0/3,0/3,0/3,0/3,0/3,0/3,0/3,0/3,0/3,0/3,0/3,0/3,0/3,0/3,0/3,0/3,0/3,0/3,0/3,0/3,0/3,0/3,0/3,0/3,0/3,0/3,0/3,0/3,0/3,0/3,0/3,0/3,0/3,0/3,0/3,0/3,0/3,0/3,0/3,0/3,0/3,0/3,0/3,0/3,0/3,0/3,0/3,0/3,0/3,0/3,0/3,0/3,0/3,0/3,0/3,0/3,0/3,0/3,0/3,0/3,0/3,0/3,0/3,0/3,0/3,0/3,0/3,0/3,0/3,0/3,0/3,0/3,0/3,0/3,0/3,0/3,0/3,0/3,0/3,0/3,0/3,0/3,0/3,0/3,0/3,0/3,0/3,0/3,0/3,0/3,0/3,0/3,0/3,0/3,0/3,0/3,0/3,0/3,0/3,0/3,0/3,0/3,0/3,0/3,0/3,0/3,0/3,0/3,0/3,0/3,0/3,0/3,0/3,0/3,0/3,0/3,0/3,0/3,0/3,0/3,0/3,0/3,0/3,0/3,0/3,0/3,0/3,0/3,0/3,0/3,0/3,0/3,0/3,0/3,0/3,0/3,0/3,0/3,0/3,0/3,0/3,0/3,0/3,0/3,0/3,0/3,0/3,0/3,0/3,0/3,0/3,0/3,0/3,0/3,0/3,0/3,0/3,0/3,0/3,0/3,0/3,0/3,0/3,0/3,0/3,0/3,0/3,0/3,0/3,0/3,0/3,0/3,0/3,0/3,0/3,0/3,0/3,0/3,0/3,0/3,0/3,0/3,0/3,0/3,0/3,0/3,0/3,0/3,0/3,0/3,0/3,0/3,0/3,0/3,0/3,0/3,0/3,0/3,0/3,0/3,0/3,0/3,0/3,0/3,0/3,0/3,0/3,0/3,0/3,0/3,0/3,0/3,0/3,0/3,0/3,0/3,0/3,0/3,0/3,0/3,0/3,0/3,0/3,0/3,0/3,0/3,0/3,0/3,0/3,0/3,0/3,0/3,0/3,0/3,0/3,0/3,0/3,0/3,0/3,0/3,0/3,0/3,0/3,0/3,0/3,0/3,0/3,0/3,0/3,0/3,0/3,0/3,0/3,0/3,0/3,0/3,0/3,0/3,0/3,0/3,0/3,0/3,0/3,0/3,0/3)...generation=3/0, epsilon=9710.48, simulations=(3/3,0/3,0/3,0/3,0/3,0/3,0/3,0/3,0/3,0/3,0/3,0/3,0/3,0/3,0/3,0/3,0/3,0/3,0/3,0/3,0/3,0/3,0/3,0/3,0/3,0/3,0/3,0/3,0/3,0/3,0/3,0/3,0/3,0/3,0/3,0/3,0/3,0/3,0/3,0/3,0/3,0/3,0/3,0/3,0/3,0/3,0/3,0/3,0/3,0/3,0/3,0/3,0/3,0/3,0/3,0/3,0/3,0/3,0/3,0/3,0/3,0/3,0/3,0/3,0/3,0/3,0/3,0/3,0/3,0/3,0/3,0/3,0/3,0/3,0/3,0/3,0/3,0/3,0/3,0/3,0/3,0/3,0/3,0/3,0/3,0/3,0/3,0/3,0/3,0/3,0/3,0/3,0/3,0/3,0/3,0/3,0/3,0/3,0/3,0/3,0/3,0/3,0/3,0/3,0/3,0/3,0/3,0/3,0/3,0/3,0/3,0/3,0/3,0/3,0/3,0/3,0/3,0/3,0/3,0/3,0/3,0/3,0/3,0/3,0/3,0/3,0/3,0/3,0/3,0/3,0/3,0/3,0/3,0/3,0/3,0/3,0/3,0/3,0/3,0/3,0/3,0/3,0/3,0/3,0/3,0/3,0/3,0/3,0/3,0/3,0/3,0/3,0/3,0/3,0/3,0/3,0/3,0/3,0/3,0/3,0/3,0/3,0/3,0/3,0/3,0/3,0/3,0/3,0/3,0/3,0/3,0/3,0/3,0/3,0/3,0/3,0/3,0/3,0/3,0/3,0/3,0/3,0/3,0/3,0/3,0/3,0/3,0/3,0/3,0/3,0/3,0/3,0/3,0/3,0/3,0/3,0/3,0/3,0/3,0/3,0/3,0/3,0/3,0/3,0/3,0/3,0/3,0/3,0/3,0/3,0/3,0/3,0/3,0/3,0/3,0/3,0/3,0/3,0/3,0/3,0/3,0/3,0/3,0/3,0/3,0/3,0/3,0/3,0/3,0/3,0/3,0/3,0/3,0/3,0/3,0/3,0/3,0/3,0/3,0/3,0/3,0/3,0/3,0/3,0/3,0/3,0/3,0/3,0/3,0/3,0/3,0/3,0/3,0/3,0/3,0/3,0/3,0/3,0/3,0/3,0/3,0/3,0/3,0/3,0/3,0/3,0/3,0/3,0/3,0/3,0/3,0/3,0/3,0/3,0/3,0/3,0/3,0/3,0/3,0/3,0/3,0/3,0/3,0/3,0/3,0/3,0/3,0/3,0/3,0/3,0/3,0/3,0/3,0/3,0/3,0/3,0/3,0/3,0/3,0/3,0/3,0/3,0/3,0/3,0/3,0/3,0/3,0/3,0/3,0/3,0/3,0/3,0/3,0/3,0/3,0/3,0/3,0/3,0/3,0/3,0/3,0/3,0/3,0/3,0/3,0/3,0/3,0/3,0/3,0/3,0/3,0/3,0/3,0/3,0/3,0/3,0/3,0/3,0/3,0/3,0/3,0/3,0/3,0/3,0/3,0/3,0/3,0/3,0/3,0/3,0/3,0/3,0/3,0/3,0/3,0/3,0/3,0/3,0/3,0/3,0/3,0/3,0/3,0/3,0/3,0/3,0/3,0/3,0/3,0/3,0/3,0/3,0/3,0/3,0/3,0/3,0/3,0/3,0/3,0/3,0/3,0/3,0/3,0/3)... in 2.03658 seconds
generation=4/0, epsilon=6510.77, simulations=(0/3,0/3,0/3,0/3,0/3,0/3,0/3,0/3,0/3,0/3,0/3,0/3,0/3,0/3,0/3,0/3,0/3,0/3,0/3,0/3,0/3,0/3,0/3,0/3,0/3,0/3,0/3,0/3,0/3,0/3,0/3,0/3,0/3,0/3,0/3,0/3,0/3,0/3,0/3,0/3,0/3,0/3,0/3,0/3,0/3,0/3,0/3,0/3,0/3,0/3,0/3,0/3,0/3,0/3,0/3,0/3,0/3,0/3,0/3,0/3,0/3,0/3,0/3,0/3,0/3,0/3,0/3,0/3,0/3,0/3,0/3,0/3,0/3,0/3,0/3,0/3,0/3,0/3,0/3,0/3,0/3,0/3,0/3,0/3,0/3,0/3,0/3,0/3,0/3,0/3,0/3,0/3,0/3,0/3,0/3,0/3,0/3,0/3,0/3,0/3,0/3,0/3,0/3,0/3,0/3,0/3,0/3,0/3,0/3,0/3,0/3,0/3,0/3,0/3,0/3,0/3,0/3,0/3,0/3,0/3,0/3,0/3,0/3,0/3,0/3,0/3,0/3,0/3,0/3,0/3,0/3,0/3,0/3,0/3,0/3,0/3,0/3,0/3,0/3,0/3,0/3,0/3,0/3,0/3,0/3,0/3,0/3,0/3,0/3,0/3,0/3,0/3,0/3,0/3,0/3,0/3,0/3,0/3,0/3,0/3,0/3,0/3,0/3,0/3,0/3,0/3,0/3,0/3,0/3,0/3,0/3,0/3,0/3,0/3,0/3,0/3,0/3,0/3,0/3,0/3,0/3,0/3,0/3,0/3,0/3,0/3,0/3,0/3,0/3,0/3,0/3,0/3,0/3,0/3,0/3,0/3,0/3,0/3,0/3,0/3,0/3,0/3,0/3,0/3,0/3,0/3,0/3,0/3,0/3,0/3,0/3,0/3,0/3,0/3,0/3,0/3,0/3,0/3,0/3,0/3,0/3,0/3,0/3,0/3,0/3,0/3,0/3,0/3,0/3,0/3,0/3,0/3,0/3,0/3,0/3,0/3,0/3,0/3,0/3,0/3,0/3,0/3,0/3,0/3,0/3,0/3,0/3,0/3,0/3,0/3,0/3,0/3,0/3,0/3,0/3,0/3,0/3,0/3,0/3,0/3,0/3,0/3,0/3,0/3,0/3,0/3,0/3,0/3,0/3,0/3,0/3,0/3,0/3,0/3,0/3,0/3,0/3,0/3,0/3,0/3,0/3,0/3,0/3,0/3,0/3,0/3,0/3,0/3,0/3,0/3,0/3,0/3,0/3,0/3,0/3,0/3,0/3,0/3,0/3,0/3,0/3,0/3,0/3,0/3,0/3,0/3,0/3,0/3,0/3,0/3,0/3,0/3,0/3,0/3,0/3,0/3,0/3,0/3,0/3,0/3,0/3,0/3,0/3,0/3,0/3,0/3,0/3,0/3,0/3,0/3,0/3,0/3,0/3,0/3,0/3,0/3,0/3,0/3,0/3,0/3,0/3,0/3,0/3,0/3,0/3,0/3,0/3,0/3,0/3,0/3,0/3,0/3,0/3,0/3,0/3,0/3,0/3,0/3,0/3,0/3,0/3,0/3,0/3,0/3,0/3,0/3,0/3,0/3,0/3,0/3,0/3,0/3,0/3,0/3,0/3,0/3,0/3,0/3,0/3,0/3,0/3,0/3,0/3,0/3)...generation=4/0, epsilon=6510.77, simulations=(0/3,0/3,0/3,0/3,0/3,0/3,0/3,0/3,0/3,0/3,0/3,0/3,0/3,0/3,0/3,0/3,0/3,0/3,0/3,0/3,0/3,0/3,0/3,0/3,0/3,0/3,0/3,0/3,0/3,0/3,0/3,0/3,0/3,0/3,0/3,0/3,0/3,0/3,0/3,0/3,0/3,0/3,0/3,0/3,0/3,0/3,0/3,0/3,0/3,0/3,0/3,0/3,0/3,0/3,0/3,0/3,0/3,0/3,0/3,0/3,0/3,0/3,0/3,0/3,0/3,0/3,0/3,0/3,0/3,0/3,0/3,0/3,0/3,0/3,0/3,0/3,0/3,0/3,0/3,0/3,0/3,0/3,0/3,0/3,0/3,0/3,0/3,0/3,0/3,0/3,0/3,0/3,0/3,0/3,0/3,0/3,0/3,0/3,0/3,0/3,0/3,0/3,0/3,0/3,0/3,0/3,0/3,0/3,0/3,0/3,0/3,0/3,0/3,0/3,0/3,0/3,0/3,0/3,0/3,0/3,0/3,0/3,0/3,0/3,0/3,0/3,0/3,0/3,0/3,0/3,0/3,0/3,0/3,0/3,0/3,0/3,0/3,0/3,0/3,0/3,0/3,0/3,0/3,0/3,0/3,0/3,0/3,0/3,0/3,0/3,0/3,0/3,0/3,0/3,0/3,0/3,0/3,0/3,0/3,0/3,0/3,0/3,0/3,0/3,0/3,0/3,0/3,0/3,0/3,0/3,0/3,0/3,0/3,0/3,0/3,0/3,0/3,0/3,0/3,0/3,0/3,0/3,0/3,0/3,0/3,0/3,0/3,0/3,0/3,0/3,0/3,0/3,0/3,0/3,0/3,0/3,0/3,0/3,0/3,0/3,0/3,0/3,0/3,0/3,0/3,0/3,0/3,0/3,0/3,0/3,0/3,0/3,0/3,0/3,0/3,0/3,0/3,0/3,0/3,0/3,0/3,0/3,0/3,0/3,0/3,0/3,0/3,0/3,0/3,0/3,0/3,0/3,0/3,0/3,0/3,0/3,0/3,0/3,0/3,0/3,0/3,0/3,0/3,0/3,0/3,0/3,0/3,0/3,0/3,0/3,0/3,0/3,0/3,0/3,0/3,0/3,0/3,0/3,0/3,0/3,0/3,0/3,0/3,0/3,0/3,0/3,0/3,0/3,0/3,0/3,0/3,0/3,0/3,0/3,0/3,0/3,0/3,0/3,0/3,0/3,0/3,0/3,0/3,0/3,0/3,0/3,0/3,0/3,0/3,0/3,0/3,0/3,0/3,0/3,0/3,0/3,0/3,0/3,0/3,0/3,0/3,0/3,0/3,0/3,0/3,0/3,0/3,0/3,0/3,0/3,0/3,0/3,0/3,0/3,0/3,0/3,0/3,0/3,0/3,0/3,0/3,0/3,0/3,0/3,0/3,0/3,0/3,0/3,0/3,0/3,0/3,0/3,0/3,0/3,0/3,0/3,0/3,0/3,0/3,0/3,0/3,0/3,0/3,0/3,0/3,0/3,0/3,0/3,0/3,0/3,0/3,0/3,0/3,0/3,0/3,0/3,0/3,0/3,0/3,0/3,0/3,0/3,0/3,0/3,0/3,0/3,0/3,0/3,0/3,0/3,0/3,0/3,0/3,0/3,0/3,0/3,0/3,0/3,0/3,0/3,0/3,0/3,0/3,0/3)...generation=4/0, epsilon=6510.77, simulations=(3/3,0/3,0/3,0/3,0/3,0/3,0/3,0/3,0/3,0/3,0/3,0/3,0/3,0/3,0/3,0/3,0/3,0/3,0/3,0/3,0/3,0/3,0/3,0/3,0/3,0/3,0/3,0/3,0/3,0/3,0/3,0/3,0/3,0/3,0/3,0/3,0/3,0/3,0/3,0/3,0/3,0/3,0/3,0/3,0/3,0/3,0/3,0/3,0/3,0/3,0/3,0/3,0/3,0/3,0/3,0/3,0/3,0/3,0/3,0/3,0/3,0/3,0/3,0/3,0/3,0/3,0/3,0/3,0/3,0/3,0/3,0/3,0/3,0/3,0/3,0/3,0/3,0/3,0/3,0/3,0/3,0/3,0/3,0/3,0/3,0/3,0/3,0/3,0/3,0/3,0/3,0/3,0/3,0/3,0/3,0/3,0/3,0/3,0/3,0/3,0/3,0/3,0/3,0/3,0/3,0/3,0/3,0/3,0/3,0/3,0/3,0/3,0/3,0/3,0/3,0/3,0/3,0/3,0/3,0/3,0/3,0/3,0/3,0/3,0/3,0/3,0/3,0/3,0/3,0/3,0/3,0/3,0/3,0/3,0/3,0/3,0/3,0/3,0/3,0/3,0/3,0/3,0/3,0/3,0/3,0/3,0/3,0/3,0/3,0/3,0/3,0/3,0/3,0/3,0/3,0/3,0/3,0/3,0/3,0/3,0/3,0/3,0/3,0/3,0/3,0/3,0/3,0/3,0/3,0/3,0/3,0/3,0/3,0/3,0/3,0/3,0/3,0/3,0/3,0/3,0/3,0/3,0/3,0/3,0/3,0/3,0/3,0/3,0/3,0/3,0/3,0/3,0/3,0/3,0/3,0/3,0/3,0/3,0/3,0/3,0/3,0/3,0/3,0/3,0/3,0/3,0/3,0/3,0/3,0/3,0/3,0/3,0/3,0/3,0/3,0/3,0/3,0/3,0/3,0/3,0/3,0/3,0/3,0/3,0/3,0/3,0/3,0/3,0/3,0/3,0/3,0/3,0/3,0/3,0/3,0/3,0/3,0/3,0/3,0/3,0/3,0/3,0/3,0/3,0/3,0/3,0/3,0/3,0/3,0/3,0/3,0/3,0/3,0/3,0/3,0/3,0/3,0/3,0/3,0/3,0/3,0/3,0/3,0/3,0/3,0/3,0/3,0/3,0/3,0/3,0/3,0/3,0/3,0/3,0/3,0/3,0/3,0/3,0/3,0/3,0/3,0/3,0/3,0/3,0/3,0/3,0/3,0/3,0/3,0/3,0/3,0/3,0/3,0/3,0/3,0/3,0/3,0/3,0/3,0/3,0/3,0/3,0/3,0/3,0/3,0/3,0/3,0/3,0/3,0/3,0/3,0/3,0/3,0/3,0/3,0/3,0/3,0/3,0/3,0/3,0/3,0/3,0/3,0/3,0/3,0/3,0/3,0/3,0/3,0/3,0/3,0/3,0/3,0/3,0/3,0/3,0/3,0/3,0/3,0/3,0/3,0/3,0/3,0/3,0/3,0/3,0/3,0/3,0/3,0/3,0/3,0/3,0/3,0/3,0/3,0/3,0/3,0/3,0/3,0/3,0/3,0/3,0/3,0/3,0/3,0/3,0/3,0/3,0/3,0/3,0/3,0/3,0/3,0/3,0/3,0/3,0/3,0/3,0/3,0/3,0/3,0/3,0/3,0/3)... in 3.09806 seconds
generation=5/0, epsilon=5832.54, simulations=(0/3,0/3,0/3,0/3,0/3,0/3,0/3,0/3,0/3,0/3,0/3,0/3,0/3,0/3,0/3,0/3,0/3,0/3,0/3,0/3,0/3,0/3,0/3,0/3,0/3,0/3,0/3,0/3,0/3,0/3,0/3,0/3,0/3,0/3,0/3,0/3,0/3,0/3,0/3,0/3,0/3,0/3,0/3,0/3,0/3,0/3,0/3,0/3,0/3,0/3,0/3,0/3,0/3,0/3,0/3,0/3,0/3,0/3,0/3,0/3,0/3,0/3,0/3,0/3,0/3,0/3,0/3,0/3,0/3,0/3,0/3,0/3,0/3,0/3,0/3,0/3,0/3,0/3,0/3,0/3,0/3,0/3,0/3,0/3,0/3,0/3,0/3,0/3,0/3,0/3,0/3,0/3,0/3,0/3,0/3,0/3,0/3,0/3,0/3,0/3,0/3,0/3,0/3,0/3,0/3,0/3,0/3,0/3,0/3,0/3,0/3,0/3,0/3,0/3,0/3,0/3,0/3,0/3,0/3,0/3,0/3,0/3,0/3,0/3,0/3,0/3,0/3,0/3,0/3,0/3,0/3,0/3,0/3,0/3,0/3,0/3,0/3,0/3,0/3,0/3,0/3,0/3,0/3,0/3,0/3,0/3,0/3,0/3,0/3,0/3,0/3,0/3,0/3,0/3,0/3,0/3,0/3,0/3,0/3,0/3,0/3,0/3,0/3,0/3,0/3,0/3,0/3,0/3,0/3,0/3,0/3,0/3,0/3,0/3,0/3,0/3,0/3,0/3,0/3,0/3,0/3,0/3,0/3,0/3,0/3,0/3,0/3,0/3,0/3,0/3,0/3,0/3,0/3,0/3,0/3,0/3,0/3,0/3,0/3,0/3,0/3,0/3,0/3,0/3,0/3,0/3,0/3,0/3,0/3,0/3,0/3,0/3,0/3,0/3,0/3,0/3,0/3,0/3,0/3,0/3,0/3,0/3,0/3,0/3,0/3,0/3,0/3,0/3,0/3,0/3,0/3,0/3,0/3,0/3,0/3,0/3,0/3,0/3,0/3,0/3,0/3,0/3,0/3,0/3,0/3,0/3,0/3,0/3,0/3,0/3,0/3,0/3,0/3,0/3,0/3,0/3,0/3,0/3,0/3,0/3,0/3,0/3,0/3,0/3,0/3,0/3,0/3,0/3,0/3,0/3,0/3,0/3,0/3,0/3,0/3,0/3,0/3,0/3,0/3,0/3,0/3,0/3,0/3,0/3,0/3,0/3,0/3,0/3,0/3,0/3,0/3,0/3,0/3,0/3,0/3,0/3,0/3,0/3,0/3,0/3,0/3,0/3,0/3,0/3,0/3,0/3,0/3,0/3,0/3,0/3,0/3,0/3,0/3,0/3,0/3,0/3,0/3,0/3,0/3,0/3,0/3,0/3,0/3,0/3,0/3,0/3,0/3,0/3,0/3,0/3,0/3,0/3,0/3,0/3,0/3,0/3,0/3,0/3,0/3,0/3,0/3,0/3,0/3,0/3,0/3,0/3,0/3,0/3,0/3,0/3,0/3,0/3,0/3,0/3,0/3,0/3,0/3,0/3,0/3,0/3,0/3,0/3,0/3,0/3,0/3,0/3,0/3,0/3,0/3,0/3,0/3,0/3,0/3,0/3,0/3,0/3,0/3,0/3,0/3,0/3,0/3,0/3,0/3,0/3)...generation=5/0, epsilon=5832.54, simulations=(0/3,0/3,0/3,0/3,0/3,0/3,0/3,0/3,0/3,0/3,0/3,0/3,0/3,0/3,0/3,0/3,0/3,0/3,0/3,0/3,0/3,0/3,0/3,0/3,0/3,0/3,0/3,0/3,0/3,0/3,0/3,0/3,0/3,0/3,0/3,0/3,0/3,0/3,0/3,0/3,0/3,0/3,0/3,0/3,0/3,0/3,0/3,0/3,0/3,0/3,0/3,0/3,0/3,0/3,0/3,0/3,0/3,0/3,0/3,0/3,0/3,0/3,0/3,0/3,0/3,0/3,0/3,0/3,0/3,0/3,0/3,0/3,0/3,0/3,0/3,0/3,0/3,0/3,0/3,0/3,0/3,0/3,0/3,0/3,0/3,0/3,0/3,0/3,0/3,0/3,0/3,0/3,0/3,0/3,0/3,0/3,0/3,0/3,0/3,0/3,0/3,0/3,0/3,0/3,0/3,0/3,0/3,0/3,0/3,0/3,0/3,0/3,0/3,0/3,0/3,0/3,0/3,0/3,0/3,0/3,0/3,0/3,0/3,0/3,0/3,0/3,0/3,0/3,0/3,0/3,0/3,0/3,0/3,0/3,0/3,0/3,0/3,0/3,0/3,0/3,0/3,0/3,0/3,0/3,0/3,0/3,0/3,0/3,0/3,0/3,0/3,0/3,0/3,0/3,0/3,0/3,0/3,0/3,0/3,0/3,0/3,0/3,0/3,0/3,0/3,0/3,0/3,0/3,0/3,0/3,0/3,0/3,0/3,0/3,0/3,0/3,0/3,0/3,0/3,0/3,0/3,0/3,0/3,0/3,0/3,0/3,0/3,0/3,0/3,0/3,0/3,0/3,0/3,0/3,0/3,0/3,0/3,0/3,0/3,0/3,0/3,0/3,0/3,0/3,0/3,0/3,0/3,0/3,0/3,0/3,0/3,0/3,0/3,0/3,0/3,0/3,0/3,0/3,0/3,0/3,0/3,0/3,0/3,0/3,0/3,0/3,0/3,0/3,0/3,0/3,0/3,0/3,0/3,0/3,0/3,0/3,0/3,0/3,0/3,0/3,0/3,0/3,0/3,0/3,0/3,0/3,0/3,0/3,0/3,0/3,0/3,0/3,0/3,0/3,0/3,0/3,0/3,0/3,0/3,0/3,0/3,0/3,0/3,0/3,0/3,0/3,0/3,0/3,0/3,0/3,0/3,0/3,0/3,0/3,0/3,0/3,0/3,0/3,0/3,0/3,0/3,0/3,0/3,0/3,0/3,0/3,0/3,0/3,0/3,0/3,0/3,0/3,0/3,0/3,0/3,0/3,0/3,0/3,0/3,0/3,0/3,0/3,0/3,0/3,0/3,0/3,0/3,0/3,0/3,0/3,0/3,0/3,0/3,0/3,0/3,0/3,0/3,0/3,0/3,0/3,0/3,0/3,0/3,0/3,0/3,0/3,0/3,0/3,0/3,0/3,0/3,0/3,0/3,0/3,0/3,0/3,0/3,0/3,0/3,0/3,0/3,0/3,0/3,0/3,0/3,0/3,0/3,0/3,0/3,0/3,0/3,0/3,0/3,0/3,0/3,0/3,0/3,0/3,0/3,0/3,0/3,0/3,0/3,0/3,0/3,0/3,0/3,0/3,0/3,0/3,0/3,0/3,0/3,0/3,0/3,0/3,0/3,0/3,0/3,0/3,0/3,0/3,0/3,0/3)...generation=5/0, epsilon=5832.54, simulations=(3/3,0/3,0/3,0/3,0/3,0/3,0/3,0/3,0/3,0/3,0/3,0/3,0/3,0/3,0/3,0/3,0/3,0/3,0/3,0/3,0/3,0/3,0/3,0/3,0/3,0/3,0/3,0/3,0/3,0/3,0/3,0/3,0/3,0/3,0/3,0/3,0/3,0/3,0/3,0/3,0/3,0/3,0/3,0/3,0/3,0/3,0/3,0/3,0/3,0/3,0/3,0/3,0/3,0/3,0/3,0/3,0/3,0/3,0/3,0/3,0/3,0/3,0/3,0/3,0/3,0/3,0/3,0/3,0/3,0/3,0/3,0/3,0/3,0/3,0/3,0/3,0/3,0/3,0/3,0/3,0/3,0/3,0/3,0/3,0/3,0/3,0/3,0/3,0/3,0/3,0/3,0/3,0/3,0/3,0/3,0/3,0/3,0/3,0/3,0/3,0/3,0/3,0/3,0/3,0/3,0/3,0/3,0/3,0/3,0/3,0/3,0/3,0/3,0/3,0/3,0/3,0/3,0/3,0/3,0/3,0/3,0/3,0/3,0/3,0/3,0/3,0/3,0/3,0/3,0/3,0/3,0/3,0/3,0/3,0/3,0/3,0/3,0/3,0/3,0/3,0/3,0/3,0/3,0/3,0/3,0/3,0/3,0/3,0/3,0/3,0/3,0/3,0/3,0/3,0/3,0/3,0/3,0/3,0/3,0/3,0/3,0/3,0/3,0/3,0/3,0/3,0/3,0/3,0/3,0/3,0/3,0/3,0/3,0/3,0/3,0/3,0/3,0/3,0/3,0/3,0/3,0/3,0/3,0/3,0/3,0/3,0/3,0/3,0/3,0/3,0/3,0/3,0/3,0/3,0/3,0/3,0/3,0/3,0/3,0/3,0/3,0/3,0/3,0/3,0/3,0/3,0/3,0/3,0/3,0/3,0/3,0/3,0/3,0/3,0/3,0/3,0/3,0/3,0/3,0/3,0/3,0/3,0/3,0/3,0/3,0/3,0/3,0/3,0/3,0/3,0/3,0/3,0/3,0/3,0/3,0/3,0/3,0/3,0/3,0/3,0/3,0/3,0/3,0/3,0/3,0/3,0/3,0/3,0/3,0/3,0/3,0/3,0/3,0/3,0/3,0/3,0/3,0/3,0/3,0/3,0/3,0/3,0/3,0/3,0/3,0/3,0/3,0/3,0/3,0/3,0/3,0/3,0/3,0/3,0/3,0/3,0/3,0/3,0/3,0/3,0/3,0/3,0/3,0/3,0/3,0/3,0/3,0/3,0/3,0/3,0/3,0/3,0/3,0/3,0/3,0/3,0/3,0/3,0/3,0/3,0/3,0/3,0/3,0/3,0/3,0/3,0/3,0/3,0/3,0/3,0/3,0/3,0/3,0/3,0/3,0/3,0/3,0/3,0/3,0/3,0/3,0/3,0/3,0/3,0/3,0/3,0/3,0/3,0/3,0/3,0/3,0/3,0/3,0/3,0/3,0/3,0/3,0/3,0/3,0/3,0/3,0/3,0/3,0/3,0/3,0/3,0/3,0/3,0/3,0/3,0/3,0/3,0/3,0/3,0/3,0/3,0/3,0/3,0/3,0/3,0/3,0/3,0/3,0/3,0/3,0/3,0/3,0/3,0/3,0/3,0/3,0/3,0/3,0/3,0/3,0/3,0/3,0/3,0/3,0/3,0/3,0/3,0/3,0/3)... in 7.06069 seconds
generation=6/0, epsilon=5333.7, simulations=(0/3,0/3,0/3,0/3,0/3,0/3,0/3,0/3,0/3,0/3,0/3,0/3,0/3,0/3,0/3,0/3,0/3,0/3,0/3,0/3,0/3,0/3,0/3,0/3,0/3,0/3,0/3,0/3,0/3,0/3,0/3,0/3,0/3,0/3,0/3,0/3,0/3,0/3,0/3,0/3,0/3,0/3,0/3,0/3,0/3,0/3,0/3,0/3,0/3,0/3,0/3,0/3,0/3,0/3,0/3,0/3,0/3,0/3,0/3,0/3,0/3,0/3,0/3,0/3,0/3,0/3,0/3,0/3,0/3,0/3,0/3,0/3,0/3,0/3,0/3,0/3,0/3,0/3,0/3,0/3,0/3,0/3,0/3,0/3,0/3,0/3,0/3,0/3,0/3,0/3,0/3,0/3,0/3,0/3,0/3,0/3,0/3,0/3,0/3,0/3,0/3,0/3,0/3,0/3,0/3,0/3,0/3,0/3,0/3,0/3,0/3,0/3,0/3,0/3,0/3,0/3,0/3,0/3,0/3,0/3,0/3,0/3,0/3,0/3,0/3,0/3,0/3,0/3,0/3,0/3,0/3,0/3,0/3,0/3,0/3,0/3,0/3,0/3,0/3,0/3,0/3,0/3,0/3,0/3,0/3,0/3,0/3,0/3,0/3,0/3,0/3,0/3,0/3,0/3,0/3,0/3,0/3,0/3,0/3,0/3,0/3,0/3,0/3,0/3,0/3,0/3,0/3,0/3,0/3,0/3,0/3,0/3,0/3,0/3,0/3,0/3,0/3,0/3,0/3,0/3,0/3,0/3,0/3,0/3,0/3,0/3,0/3,0/3,0/3,0/3,0/3,0/3,0/3,0/3,0/3,0/3,0/3,0/3,0/3,0/3,0/3,0/3,0/3,0/3,0/3,0/3,0/3,0/3,0/3,0/3,0/3,0/3,0/3,0/3,0/3,0/3,0/3,0/3,0/3,0/3,0/3,0/3,0/3,0/3,0/3,0/3,0/3,0/3,0/3,0/3,0/3,0/3,0/3,0/3,0/3,0/3,0/3,0/3,0/3,0/3,0/3,0/3,0/3,0/3,0/3,0/3,0/3,0/3,0/3,0/3,0/3,0/3,0/3,0/3,0/3,0/3,0/3,0/3,0/3,0/3,0/3,0/3,0/3,0/3,0/3,0/3,0/3,0/3,0/3,0/3,0/3,0/3,0/3,0/3,0/3,0/3,0/3,0/3,0/3,0/3,0/3,0/3,0/3,0/3,0/3,0/3,0/3,0/3,0/3,0/3,0/3,0/3,0/3,0/3,0/3,0/3,0/3,0/3,0/3,0/3,0/3,0/3,0/3,0/3,0/3,0/3,0/3,0/3,0/3,0/3,0/3,0/3,0/3,0/3,0/3,0/3,0/3,0/3,0/3,0/3,0/3,0/3,0/3,0/3,0/3,0/3,0/3,0/3,0/3,0/3,0/3,0/3,0/3,0/3,0/3,0/3,0/3,0/3,0/3,0/3,0/3,0/3,0/3,0/3,0/3,0/3,0/3,0/3,0/3,0/3,0/3,0/3,0/3,0/3,0/3,0/3,0/3,0/3,0/3,0/3,0/3,0/3,0/3,0/3,0/3,0/3,0/3,0/3,0/3,0/3,0/3,0/3,0/3,0/3,0/3,0/3,0/3,0/3,0/3,0/3,0/3,0/3,0/3,0/3)...generation=6/0, epsilon=5333.7, simulations=(0/3,0/3,0/3,0/3,0/3,0/3,0/3,0/3,0/3,0/3,0/3,0/3,0/3,0/3,0/3,0/3,0/3,0/3,0/3,0/3,0/3,0/3,0/3,0/3,0/3,0/3,0/3,0/3,0/3,0/3,0/3,0/3,0/3,0/3,0/3,0/3,0/3,0/3,0/3,0/3,0/3,0/3,0/3,0/3,0/3,0/3,0/3,0/3,0/3,0/3,0/3,0/3,0/3,0/3,0/3,0/3,0/3,0/3,0/3,0/3,0/3,0/3,0/3,0/3,0/3,0/3,0/3,0/3,0/3,0/3,0/3,0/3,0/3,0/3,0/3,0/3,0/3,0/3,0/3,0/3,0/3,0/3,0/3,0/3,0/3,0/3,0/3,0/3,0/3,0/3,0/3,0/3,0/3,0/3,0/3,0/3,0/3,0/3,0/3,0/3,0/3,0/3,0/3,0/3,0/3,0/3,0/3,0/3,0/3,0/3,0/3,0/3,0/3,0/3,0/3,0/3,0/3,0/3,0/3,0/3,0/3,0/3,0/3,0/3,0/3,0/3,0/3,0/3,0/3,0/3,0/3,0/3,0/3,0/3,0/3,0/3,0/3,0/3,0/3,0/3,0/3,0/3,0/3,0/3,0/3,0/3,0/3,0/3,0/3,0/3,0/3,0/3,0/3,0/3,0/3,0/3,0/3,0/3,0/3,0/3,0/3,0/3,0/3,0/3,0/3,0/3,0/3,0/3,0/3,0/3,0/3,0/3,0/3,0/3,0/3,0/3,0/3,0/3,0/3,0/3,0/3,0/3,0/3,0/3,0/3,0/3,0/3,0/3,0/3,0/3,0/3,0/3,0/3,0/3,0/3,0/3,0/3,0/3,0/3,0/3,0/3,0/3,0/3,0/3,0/3,0/3,0/3,0/3,0/3,0/3,0/3,0/3,0/3,0/3,0/3,0/3,0/3,0/3,0/3,0/3,0/3,0/3,0/3,0/3,0/3,0/3,0/3,0/3,0/3,0/3,0/3,0/3,0/3,0/3,0/3,0/3,0/3,0/3,0/3,0/3,0/3,0/3,0/3,0/3,0/3,0/3,0/3,0/3,0/3,0/3,0/3,0/3,0/3,0/3,0/3,0/3,0/3,0/3,0/3,0/3,0/3,0/3,0/3,0/3,0/3,0/3,0/3,0/3,0/3,0/3,0/3,0/3,0/3,0/3,0/3,0/3,0/3,0/3,0/3,0/3,0/3,0/3,0/3,0/3,0/3,0/3,0/3,0/3,0/3,0/3,0/3,0/3,0/3,0/3,0/3,0/3,0/3,0/3,0/3,0/3,0/3,0/3,0/3,0/3,0/3,0/3,0/3,0/3,0/3,0/3,0/3,0/3,0/3,0/3,0/3,0/3,0/3,0/3,0/3,0/3,0/3,0/3,0/3,0/3,0/3,0/3,0/3,0/3,0/3,0/3,0/3,0/3,0/3,0/3,0/3,0/3,0/3,0/3,0/3,0/3,0/3,0/3,0/3,0/3,0/3,0/3,0/3,0/3,0/3,0/3,0/3,0/3,0/3,0/3,0/3,0/3,0/3,0/3,0/3,0/3,0/3,0/3,0/3,0/3,0/3,0/3,0/3,0/3,0/3,0/3,0/3,0/3,0/3,0/3,0/3,0/3,0/3,0/3,0/3,0/3,0/3,0/3,0/3,0/3)...generation=6/0, epsilon=5333.7, simulations=(3/3,0/3,0/3,0/3,0/3,0/3,0/3,0/3,0/3,0/3,0/3,0/3,0/3,0/3,0/3,0/3,0/3,0/3,0/3,0/3,0/3,0/3,0/3,0/3,0/3,0/3,0/3,0/3,0/3,0/3,0/3,0/3,0/3,0/3,0/3,0/3,0/3,0/3,0/3,0/3,0/3,0/3,0/3,0/3,0/3,0/3,0/3,0/3,0/3,0/3,0/3,0/3,0/3,0/3,0/3,0/3,0/3,0/3,0/3,0/3,0/3,0/3,0/3,0/3,0/3,0/3,0/3,0/3,0/3,0/3,0/3,0/3,0/3,0/3,0/3,0/3,0/3,0/3,0/3,0/3,0/3,0/3,0/3,0/3,0/3,0/3,0/3,0/3,0/3,0/3,0/3,0/3,0/3,0/3,0/3,0/3,0/3,0/3,0/3,0/3,0/3,0/3,0/3,0/3,0/3,0/3,0/3,0/3,0/3,0/3,0/3,0/3,0/3,0/3,0/3,0/3,0/3,0/3,0/3,0/3,0/3,0/3,0/3,0/3,0/3,0/3,0/3,0/3,0/3,0/3,0/3,0/3,0/3,0/3,0/3,0/3,0/3,0/3,0/3,0/3,0/3,0/3,0/3,0/3,0/3,0/3,0/3,0/3,0/3,0/3,0/3,0/3,0/3,0/3,0/3,0/3,0/3,0/3,0/3,0/3,0/3,0/3,0/3,0/3,0/3,0/3,0/3,0/3,0/3,0/3,0/3,0/3,0/3,0/3,0/3,0/3,0/3,0/3,0/3,0/3,0/3,0/3,0/3,0/3,0/3,0/3,0/3,0/3,0/3,0/3,0/3,0/3,0/3,0/3,0/3,0/3,0/3,0/3,0/3,0/3,0/3,0/3,0/3,0/3,0/3,0/3,0/3,0/3,0/3,0/3,0/3,0/3,0/3,0/3,0/3,0/3,0/3,0/3,0/3,0/3,0/3,0/3,0/3,0/3,0/3,0/3,0/3,0/3,0/3,0/3,0/3,0/3,0/3,0/3,0/3,0/3,0/3,0/3,0/3,0/3,0/3,0/3,0/3,0/3,0/3,0/3,0/3,0/3,0/3,0/3,0/3,0/3,0/3,0/3,0/3,0/3,0/3,0/3,0/3,0/3,0/3,0/3,0/3,0/3,0/3,0/3,0/3,0/3,0/3,0/3,0/3,0/3,0/3,0/3,0/3,0/3,0/3,0/3,0/3,0/3,0/3,0/3,0/3,0/3,0/3,0/3,0/3,0/3,0/3,0/3,0/3,0/3,0/3,0/3,0/3,0/3,0/3,0/3,0/3,0/3,0/3,0/3,0/3,0/3,0/3,0/3,0/3,0/3,0/3,0/3,0/3,0/3,0/3,0/3,0/3,0/3,0/3,0/3,0/3,0/3,0/3,0/3,0/3,0/3,0/3,0/3,0/3,0/3,0/3,0/3,0/3,0/3,0/3,0/3,0/3,0/3,0/3,0/3,0/3,0/3,0/3,0/3,0/3,0/3,0/3,0/3,0/3,0/3,0/3,0/3,0/3,0/3,0/3,0/3,0/3,0/3,0/3,0/3,0/3,0/3,0/3,0/3,0/3,0/3,0/3,0/3,0/3,0/3,0/3,0/3,0/3,0/3,0/3,0/3,0/3,0/3,0/3,0/3,0/3,0/3,0/3,0/3,0/3,0/3)... in 10.1104 seconds
generation=7/0, epsilon=4667.19, simulations=(0/3,0/3,0/3,0/3,0/3,0/3,0/3,0/3,0/3,0/3,0/3,0/3,0/3,0/3,0/3,0/3,0/3,0/3,0/3,0/3,0/3,0/3,0/3,0/3,0/3,0/3,0/3,0/3,0/3,0/3,0/3,0/3,0/3,0/3,0/3,0/3,0/3,0/3,0/3,0/3,0/3,0/3,0/3,0/3,0/3,0/3,0/3,0/3,0/3,0/3,0/3,0/3,0/3,0/3,0/3,0/3,0/3,0/3,0/3,0/3,0/3,0/3,0/3,0/3,0/3,0/3,0/3,0/3,0/3,0/3,0/3,0/3,0/3,0/3,0/3,0/3,0/3,0/3,0/3,0/3,0/3,0/3,0/3,0/3,0/3,0/3,0/3,0/3,0/3,0/3,0/3,0/3,0/3,0/3,0/3,0/3,0/3,0/3,0/3,0/3,0/3,0/3,0/3,0/3,0/3,0/3,0/3,0/3,0/3,0/3,0/3,0/3,0/3,0/3,0/3,0/3,0/3,0/3,0/3,0/3,0/3,0/3,0/3,0/3,0/3,0/3,0/3,0/3,0/3,0/3,0/3,0/3,0/3,0/3,0/3,0/3,0/3,0/3,0/3,0/3,0/3,0/3,0/3,0/3,0/3,0/3,0/3,0/3,0/3,0/3,0/3,0/3,0/3,0/3,0/3,0/3,0/3,0/3,0/3,0/3,0/3,0/3,0/3,0/3,0/3,0/3,0/3,0/3,0/3,0/3,0/3,0/3,0/3,0/3,0/3,0/3,0/3,0/3,0/3,0/3,0/3,0/3,0/3,0/3,0/3,0/3,0/3,0/3,0/3,0/3,0/3,0/3,0/3,0/3,0/3,0/3,0/3,0/3,0/3,0/3,0/3,0/3,0/3,0/3,0/3,0/3,0/3,0/3,0/3,0/3,0/3,0/3,0/3,0/3,0/3,0/3,0/3,0/3,0/3,0/3,0/3,0/3,0/3,0/3,0/3,0/3,0/3,0/3,0/3,0/3,0/3,0/3,0/3,0/3,0/3,0/3,0/3,0/3,0/3,0/3,0/3,0/3,0/3,0/3,0/3,0/3,0/3,0/3,0/3,0/3,0/3,0/3,0/3,0/3,0/3,0/3,0/3,0/3,0/3,0/3,0/3,0/3,0/3,0/3,0/3,0/3,0/3,0/3,0/3,0/3,0/3,0/3,0/3,0/3,0/3,0/3,0/3,0/3,0/3,0/3,0/3,0/3,0/3,0/3,0/3,0/3,0/3,0/3,0/3,0/3,0/3,0/3,0/3,0/3,0/3,0/3,0/3,0/3,0/3,0/3,0/3,0/3,0/3,0/3,0/3,0/3,0/3,0/3,0/3,0/3,0/3,0/3,0/3,0/3,0/3,0/3,0/3,0/3,0/3,0/3,0/3,0/3,0/3,0/3,0/3,0/3,0/3,0/3,0/3,0/3,0/3,0/3,0/3,0/3,0/3,0/3,0/3,0/3,0/3,0/3,0/3,0/3,0/3,0/3,0/3,0/3,0/3,0/3,0/3,0/3,0/3,0/3,0/3,0/3,0/3,0/3,0/3,0/3,0/3,0/3,0/3,0/3,0/3,0/3,0/3,0/3,0/3,0/3,0/3,0/3,0/3,0/3,0/3,0/3,0/3,0/3,0/3,0/3,0/3,0/3,0/3,0/3,0/3,0/3)...generation=7/0, epsilon=4667.19, simulations=(0/3,0/3,0/3,0/3,0/3,0/3,0/3,0/3,0/3,0/3,0/3,0/3,0/3,0/3,0/3,0/3,0/3,0/3,0/3,0/3,0/3,0/3,0/3,0/3,0/3,0/3,0/3,0/3,0/3,0/3,0/3,0/3,0/3,0/3,0/3,0/3,0/3,0/3,0/3,0/3,0/3,0/3,0/3,0/3,0/3,0/3,0/3,0/3,0/3,0/3,0/3,0/3,0/3,0/3,0/3,0/3,0/3,0/3,0/3,0/3,0/3,0/3,0/3,0/3,0/3,0/3,0/3,0/3,0/3,0/3,0/3,0/3,0/3,0/3,0/3,0/3,0/3,0/3,0/3,0/3,0/3,0/3,0/3,0/3,0/3,0/3,0/3,0/3,0/3,0/3,0/3,0/3,0/3,0/3,0/3,0/3,0/3,0/3,0/3,0/3,0/3,0/3,0/3,0/3,0/3,0/3,0/3,0/3,0/3,0/3,0/3,0/3,0/3,0/3,0/3,0/3,0/3,0/3,0/3,0/3,0/3,0/3,0/3,0/3,0/3,0/3,0/3,0/3,0/3,0/3,0/3,0/3,0/3,0/3,0/3,0/3,0/3,0/3,0/3,0/3,0/3,0/3,0/3,0/3,0/3,0/3,0/3,0/3,0/3,0/3,0/3,0/3,0/3,0/3,0/3,0/3,0/3,0/3,0/3,0/3,0/3,0/3,0/3,0/3,0/3,0/3,0/3,0/3,0/3,0/3,0/3,0/3,0/3,0/3,0/3,0/3,0/3,0/3,0/3,0/3,0/3,0/3,0/3,0/3,0/3,0/3,0/3,0/3,0/3,0/3,0/3,0/3,0/3,0/3,0/3,0/3,0/3,0/3,0/3,0/3,0/3,0/3,0/3,0/3,0/3,0/3,0/3,0/3,0/3,0/3,0/3,0/3,0/3,0/3,0/3,0/3,0/3,0/3,0/3,0/3,0/3,0/3,0/3,0/3,0/3,0/3,0/3,0/3,0/3,0/3,0/3,0/3,0/3,0/3,0/3,0/3,0/3,0/3,0/3,0/3,0/3,0/3,0/3,0/3,0/3,0/3,0/3,0/3,0/3,0/3,0/3,0/3,0/3,0/3,0/3,0/3,0/3,0/3,0/3,0/3,0/3,0/3,0/3,0/3,0/3,0/3,0/3,0/3,0/3,0/3,0/3,0/3,0/3,0/3,0/3,0/3,0/3,0/3,0/3,0/3,0/3,0/3,0/3,0/3,0/3,0/3,0/3,0/3,0/3,0/3,0/3,0/3,0/3,0/3,0/3,0/3,0/3,0/3,0/3,0/3,0/3,0/3,0/3,0/3,0/3,0/3,0/3,0/3,0/3,0/3,0/3,0/3,0/3,0/3,0/3,0/3,0/3,0/3,0/3,0/3,0/3,0/3,0/3,0/3,0/3,0/3,0/3,0/3,0/3,0/3,0/3,0/3,0/3,0/3,0/3,0/3,0/3,0/3,0/3,0/3,0/3,0/3,0/3,0/3,0/3,0/3,0/3,0/3,0/3,0/3,0/3,0/3,0/3,0/3,0/3,0/3,0/3,0/3,0/3,0/3,0/3,0/3,0/3,0/3,0/3,0/3,0/3,0/3,0/3,0/3,0/3,0/3,0/3,0/3,0/3,0/3,0/3,0/3,0/3,0/3,0/3,0/3,0/3,0/3)...generation=7/0, epsilon=4667.19, simulations=(3/3,0/3,0/3,0/3,0/3,0/3,0/3,0/3,0/3,0/3,0/3,0/3,0/3,0/3,0/3,0/3,0/3,0/3,0/3,0/3,0/3,0/3,0/3,0/3,0/3,0/3,0/3,0/3,0/3,0/3,0/3,0/3,0/3,0/3,0/3,0/3,0/3,0/3,0/3,0/3,0/3,0/3,0/3,0/3,0/3,0/3,0/3,0/3,0/3,0/3,0/3,0/3,0/3,0/3,0/3,0/3,0/3,0/3,0/3,0/3,0/3,0/3,0/3,0/3,0/3,0/3,0/3,0/3,0/3,0/3,0/3,0/3,0/3,0/3,0/3,0/3,0/3,0/3,0/3,0/3,0/3,0/3,0/3,0/3,0/3,0/3,0/3,0/3,0/3,0/3,0/3,0/3,0/3,0/3,0/3,0/3,0/3,0/3,0/3,0/3,0/3,0/3,0/3,0/3,0/3,0/3,0/3,0/3,0/3,0/3,0/3,0/3,0/3,0/3,0/3,0/3,0/3,0/3,0/3,0/3,0/3,0/3,0/3,0/3,0/3,0/3,0/3,0/3,0/3,0/3,0/3,0/3,0/3,0/3,0/3,0/3,0/3,0/3,0/3,0/3,0/3,0/3,0/3,0/3,0/3,0/3,0/3,0/3,0/3,0/3,0/3,0/3,0/3,0/3,0/3,0/3,0/3,0/3,0/3,0/3,0/3,0/3,0/3,0/3,0/3,0/3,0/3,0/3,0/3,0/3,0/3,0/3,0/3,0/3,0/3,0/3,0/3,0/3,0/3,0/3,0/3,0/3,0/3,0/3,0/3,0/3,0/3,0/3,0/3,0/3,0/3,0/3,0/3,0/3,0/3,0/3,0/3,0/3,0/3,0/3,0/3,0/3,0/3,0/3,0/3,0/3,0/3,0/3,0/3,0/3,0/3,0/3,0/3,0/3,0/3,0/3,0/3,0/3,0/3,0/3,0/3,0/3,0/3,0/3,0/3,0/3,0/3,0/3,0/3,0/3,0/3,0/3,0/3,0/3,0/3,0/3,0/3,0/3,0/3,0/3,0/3,0/3,0/3,0/3,0/3,0/3,0/3,0/3,0/3,0/3,0/3,0/3,0/3,0/3,0/3,0/3,0/3,0/3,0/3,0/3,0/3,0/3,0/3,0/3,0/3,0/3,0/3,0/3,0/3,0/3,0/3,0/3,0/3,0/3,0/3,0/3,0/3,0/3,0/3,0/3,0/3,0/3,0/3,0/3,0/3,0/3,0/3,0/3,0/3,0/3,0/3,0/3,0/3,0/3,0/3,0/3,0/3,0/3,0/3,0/3,0/3,0/3,0/3,0/3,0/3,0/3,0/3,0/3,0/3,0/3,0/3,0/3,0/3,0/3,0/3,0/3,0/3,0/3,0/3,0/3,0/3,0/3,0/3,0/3,0/3,0/3,0/3,0/3,0/3,0/3,0/3,0/3,0/3,0/3,0/3,0/3,0/3,0/3,0/3,0/3,0/3,0/3,0/3,0/3,0/3,0/3,0/3,0/3,0/3,0/3,0/3,0/3,0/3,0/3,0/3,0/3,0/3,0/3,0/3,0/3,0/3,0/3,0/3,0/3,0/3,0/3,0/3,0/3,0/3,0/3,0/3,0/3,0/3,0/3,0/3,0/3,0/3,0/3,0/3,0/3,0/3,0/3,0/3,0/3)... in 10.8041 seconds
generation=8/0, epsilon=4006.36, simulations=(0/3,0/3,0/3,0/3,0/3,0/3,0/3,0/3,0/3,0/3,0/3,0/3,0/3,0/3,0/3,0/3,0/3,0/3,0/3,0/3,0/3,0/3,0/3,0/3,0/3,0/3,0/3,0/3,0/3,0/3,0/3,0/3,0/3,0/3,0/3,0/3,0/3,0/3,0/3,0/3,0/3,0/3,0/3,0/3,0/3,0/3,0/3,0/3,0/3,0/3,0/3,0/3,0/3,0/3,0/3,0/3,0/3,0/3,0/3,0/3,0/3,0/3,0/3,0/3,0/3,0/3,0/3,0/3,0/3,0/3,0/3,0/3,0/3,0/3,0/3,0/3,0/3,0/3,0/3,0/3,0/3,0/3,0/3,0/3,0/3,0/3,0/3,0/3,0/3,0/3,0/3,0/3,0/3,0/3,0/3,0/3,0/3,0/3,0/3,0/3,0/3,0/3,0/3,0/3,0/3,0/3,0/3,0/3,0/3,0/3,0/3,0/3,0/3,0/3,0/3,0/3,0/3,0/3,0/3,0/3,0/3,0/3,0/3,0/3,0/3,0/3,0/3,0/3,0/3,0/3,0/3,0/3,0/3,0/3,0/3,0/3,0/3,0/3,0/3,0/3,0/3,0/3,0/3,0/3,0/3,0/3,0/3,0/3,0/3,0/3,0/3,0/3,0/3,0/3,0/3,0/3,0/3,0/3,0/3,0/3,0/3,0/3,0/3,0/3,0/3,0/3,0/3,0/3,0/3,0/3,0/3,0/3,0/3,0/3,0/3,0/3,0/3,0/3,0/3,0/3,0/3,0/3,0/3,0/3,0/3,0/3,0/3,0/3,0/3,0/3,0/3,0/3,0/3,0/3,0/3,0/3,0/3,0/3,0/3,0/3,0/3,0/3,0/3,0/3,0/3,0/3,0/3,0/3,0/3,0/3,0/3,0/3,0/3,0/3,0/3,0/3,0/3,0/3,0/3,0/3,0/3,0/3,0/3,0/3,0/3,0/3,0/3,0/3,0/3,0/3,0/3,0/3,0/3,0/3,0/3,0/3,0/3,0/3,0/3,0/3,0/3,0/3,0/3,0/3,0/3,0/3,0/3,0/3,0/3,0/3,0/3,0/3,0/3,0/3,0/3,0/3,0/3,0/3,0/3,0/3,0/3,0/3,0/3,0/3,0/3,0/3,0/3,0/3,0/3,0/3,0/3,0/3,0/3,0/3,0/3,0/3,0/3,0/3,0/3,0/3,0/3,0/3,0/3,0/3,0/3,0/3,0/3,0/3,0/3,0/3,0/3,0/3,0/3,0/3,0/3,0/3,0/3,0/3,0/3,0/3,0/3,0/3,0/3,0/3,0/3,0/3,0/3,0/3,0/3,0/3,0/3,0/3,0/3,0/3,0/3,0/3,0/3,0/3,0/3,0/3,0/3,0/3,0/3,0/3,0/3,0/3,0/3,0/3,0/3,0/3,0/3,0/3,0/3,0/3,0/3,0/3,0/3,0/3,0/3,0/3,0/3,0/3,0/3,0/3,0/3,0/3,0/3,0/3,0/3,0/3,0/3,0/3,0/3,0/3,0/3,0/3,0/3,0/3,0/3,0/3,0/3,0/3,0/3,0/3,0/3,0/3,0/3,0/3,0/3,0/3,0/3,0/3,0/3,0/3,0/3,0/3,0/3,0/3,0/3,0/3,0/3,0/3,0/3,0/3)...generation=8/0, epsilon=4006.36, simulations=(0/3,0/3,0/3,0/3,0/3,0/3,0/3,0/3,0/3,0/3,0/3,0/3,0/3,0/3,0/3,0/3,0/3,0/3,0/3,0/3,0/3,0/3,0/3,0/3,0/3,0/3,0/3,0/3,0/3,0/3,0/3,0/3,0/3,0/3,0/3,0/3,0/3,0/3,0/3,0/3,0/3,0/3,0/3,0/3,0/3,0/3,0/3,0/3,0/3,0/3,0/3,0/3,0/3,0/3,0/3,0/3,0/3,0/3,0/3,0/3,0/3,0/3,0/3,0/3,0/3,0/3,0/3,0/3,0/3,0/3,0/3,0/3,0/3,0/3,0/3,0/3,0/3,0/3,0/3,0/3,0/3,0/3,0/3,0/3,0/3,0/3,0/3,0/3,0/3,0/3,0/3,0/3,0/3,0/3,0/3,0/3,0/3,0/3,0/3,0/3,0/3,0/3,0/3,0/3,0/3,0/3,0/3,0/3,0/3,0/3,0/3,0/3,0/3,0/3,0/3,0/3,0/3,0/3,0/3,0/3,0/3,0/3,0/3,0/3,0/3,0/3,0/3,0/3,0/3,0/3,0/3,0/3,0/3,0/3,0/3,0/3,0/3,0/3,0/3,0/3,0/3,0/3,0/3,0/3,0/3,0/3,0/3,0/3,0/3,0/3,0/3,0/3,0/3,0/3,0/3,0/3,0/3,0/3,0/3,0/3,0/3,0/3,0/3,0/3,0/3,0/3,0/3,0/3,0/3,0/3,0/3,0/3,0/3,0/3,0/3,0/3,0/3,0/3,0/3,0/3,0/3,0/3,0/3,0/3,0/3,0/3,0/3,0/3,0/3,0/3,0/3,0/3,0/3,0/3,0/3,0/3,0/3,0/3,0/3,0/3,0/3,0/3,0/3,0/3,0/3,0/3,0/3,0/3,0/3,0/3,0/3,0/3,0/3,0/3,0/3,0/3,0/3,0/3,0/3,0/3,0/3,0/3,0/3,0/3,0/3,0/3,0/3,0/3,0/3,0/3,0/3,0/3,0/3,0/3,0/3,0/3,0/3,0/3,0/3,0/3,0/3,0/3,0/3,0/3,0/3,0/3,0/3,0/3,0/3,0/3,0/3,0/3,0/3,0/3,0/3,0/3,0/3,0/3,0/3,0/3,0/3,0/3,0/3,0/3,0/3,0/3,0/3,0/3,0/3,0/3,0/3,0/3,0/3,0/3,0/3,0/3,0/3,0/3,0/3,0/3,0/3,0/3,0/3,0/3,0/3,0/3,0/3,0/3,0/3,0/3,0/3,0/3,0/3,0/3,0/3,0/3,0/3,0/3,0/3,0/3,0/3,0/3,0/3,0/3,0/3,0/3,0/3,0/3,0/3,0/3,0/3,0/3,0/3,0/3,0/3,0/3,0/3,0/3,0/3,0/3,0/3,0/3,0/3,0/3,0/3,0/3,0/3,0/3,0/3,0/3,0/3,0/3,0/3,0/3,0/3,0/3,0/3,0/3,0/3,0/3,0/3,0/3,0/3,0/3,0/3,0/3,0/3,0/3,0/3,0/3,0/3,0/3,0/3,0/3,0/3,0/3,0/3,0/3,0/3,0/3,0/3,0/3,0/3,0/3,0/3,0/3,0/3,0/3,0/3,0/3,0/3,0/3,0/3,0/3,0/3,0/3,0/3,0/3,0/3,0/3,0/3,0/3,0/3,0/3)...generation=8/0, epsilon=4006.36, simulations=(3/3,0/3,0/3,0/3,0/3,0/3,0/3,0/3,0/3,0/3,0/3,0/3,0/3,0/3,0/3,0/3,0/3,0/3,0/3,0/3,0/3,0/3,0/3,0/3,0/3,0/3,0/3,0/3,0/3,0/3,0/3,0/3,0/3,0/3,0/3,0/3,0/3,0/3,0/3,0/3,0/3,0/3,0/3,0/3,0/3,0/3,0/3,0/3,0/3,0/3,0/3,0/3,0/3,0/3,0/3,0/3,0/3,0/3,0/3,0/3,0/3,0/3,0/3,0/3,0/3,0/3,0/3,0/3,0/3,0/3,0/3,0/3,0/3,0/3,0/3,0/3,0/3,0/3,0/3,0/3,0/3,0/3,0/3,0/3,0/3,0/3,0/3,0/3,0/3,0/3,0/3,0/3,0/3,0/3,0/3,0/3,0/3,0/3,0/3,0/3,0/3,0/3,0/3,0/3,0/3,0/3,0/3,0/3,0/3,0/3,0/3,0/3,0/3,0/3,0/3,0/3,0/3,0/3,0/3,0/3,0/3,0/3,0/3,0/3,0/3,0/3,0/3,0/3,0/3,0/3,0/3,0/3,0/3,0/3,0/3,0/3,0/3,0/3,0/3,0/3,0/3,0/3,0/3,0/3,0/3,0/3,0/3,0/3,0/3,0/3,0/3,0/3,0/3,0/3,0/3,0/3,0/3,0/3,0/3,0/3,0/3,0/3,0/3,0/3,0/3,0/3,0/3,0/3,0/3,0/3,0/3,0/3,0/3,0/3,0/3,0/3,0/3,0/3,0/3,0/3,0/3,0/3,0/3,0/3,0/3,0/3,0/3,0/3,0/3,0/3,0/3,0/3,0/3,0/3,0/3,0/3,0/3,0/3,0/3,0/3,0/3,0/3,0/3,0/3,0/3,0/3,0/3,0/3,0/3,0/3,0/3,0/3,0/3,0/3,0/3,0/3,0/3,0/3,0/3,0/3,0/3,0/3,0/3,0/3,0/3,0/3,0/3,0/3,0/3,0/3,0/3,0/3,0/3,0/3,0/3,0/3,0/3,0/3,0/3,0/3,0/3,0/3,0/3,0/3,0/3,0/3,0/3,0/3,0/3,0/3,0/3,0/3,0/3,0/3,0/3,0/3,0/3,0/3,0/3,0/3,0/3,0/3,0/3,0/3,0/3,0/3,0/3,0/3,0/3,0/3,0/3,0/3,0/3,0/3,0/3,0/3,0/3,0/3,0/3,0/3,0/3,0/3,0/3,0/3,0/3,0/3,0/3,0/3,0/3,0/3,0/3,0/3,0/3,0/3,0/3,0/3,0/3,0/3,0/3,0/3,0/3,0/3,0/3,0/3,0/3,0/3,0/3,0/3,0/3,0/3,0/3,0/3,0/3,0/3,0/3,0/3,0/3,0/3,0/3,0/3,0/3,0/3,0/3,0/3,0/3,0/3,0/3,0/3,0/3,0/3,0/3,0/3,0/3,0/3,0/3,0/3,0/3,0/3,0/3,0/3,0/3,0/3,0/3,0/3,0/3,0/3,0/3,0/3,0/3,0/3,0/3,0/3,0/3,0/3,0/3,0/3,0/3,0/3,0/3,0/3,0/3,0/3,0/3,0/3,0/3,0/3,0/3,0/3,0/3,0/3,0/3,0/3,0/3,0/3,0/3,0/3,0/3,0/3,0/3,0/3,0/3,0/3,0/3,0/3)... in 18.9368 seconds
generation=9/0, epsilon=3468.02, simulations=(0/3,0/3,0/3,0/3,0/3,0/3,0/3,0/3,0/3,0/3,0/3,0/3,0/3,0/3,0/3,0/3,0/3,0/3,0/3,0/3,0/3,0/3,0/3,0/3,0/3,0/3,0/3,0/3,0/3,0/3,0/3,0/3,0/3,0/3,0/3,0/3,0/3,0/3,0/3,0/3,0/3,0/3,0/3,0/3,0/3,0/3,0/3,0/3,0/3,0/3,0/3,0/3,0/3,0/3,0/3,0/3,0/3,0/3,0/3,0/3,0/3,0/3,0/3,0/3,0/3,0/3,0/3,0/3,0/3,0/3,0/3,0/3,0/3,0/3,0/3,0/3,0/3,0/3,0/3,0/3,0/3,0/3,0/3,0/3,0/3,0/3,0/3,0/3,0/3,0/3,0/3,0/3,0/3,0/3,0/3,0/3,0/3,0/3,0/3,0/3,0/3,0/3,0/3,0/3,0/3,0/3,0/3,0/3,0/3,0/3,0/3,0/3,0/3,0/3,0/3,0/3,0/3,0/3,0/3,0/3,0/3,0/3,0/3,0/3,0/3,0/3,0/3,0/3,0/3,0/3,0/3,0/3,0/3,0/3,0/3,0/3,0/3,0/3,0/3,0/3,0/3,0/3,0/3,0/3,0/3,0/3,0/3,0/3,0/3,0/3,0/3,0/3,0/3,0/3,0/3,0/3,0/3,0/3,0/3,0/3,0/3,0/3,0/3,0/3,0/3,0/3,0/3,0/3,0/3,0/3,0/3,0/3,0/3,0/3,0/3,0/3,0/3,0/3,0/3,0/3,0/3,0/3,0/3,0/3,0/3,0/3,0/3,0/3,0/3,0/3,0/3,0/3,0/3,0/3,0/3,0/3,0/3,0/3,0/3,0/3,0/3,0/3,0/3,0/3,0/3,0/3,0/3,0/3,0/3,0/3,0/3,0/3,0/3,0/3,0/3,0/3,0/3,0/3,0/3,0/3,0/3,0/3,0/3,0/3,0/3,0/3,0/3,0/3,0/3,0/3,0/3,0/3,0/3,0/3,0/3,0/3,0/3,0/3,0/3,0/3,0/3,0/3,0/3,0/3,0/3,0/3,0/3,0/3,0/3,0/3,0/3,0/3,0/3,0/3,0/3,0/3,0/3,0/3,0/3,0/3,0/3,0/3,0/3,0/3,0/3,0/3,0/3,0/3,0/3,0/3,0/3,0/3,0/3,0/3,0/3,0/3,0/3,0/3,0/3,0/3,0/3,0/3,0/3,0/3,0/3,0/3,0/3,0/3,0/3,0/3,0/3,0/3,0/3,0/3,0/3,0/3,0/3,0/3,0/3,0/3,0/3,0/3,0/3,0/3,0/3,0/3,0/3,0/3,0/3,0/3,0/3,0/3,0/3,0/3,0/3,0/3,0/3,0/3,0/3,0/3,0/3,0/3,0/3,0/3,0/3,0/3,0/3,0/3,0/3,0/3,0/3,0/3,0/3,0/3,0/3,0/3,0/3,0/3,0/3,0/3,0/3,0/3,0/3,0/3,0/3,0/3,0/3,0/3,0/3,0/3,0/3,0/3,0/3,0/3,0/3,0/3,0/3,0/3,0/3,0/3,0/3,0/3,0/3,0/3,0/3,0/3,0/3,0/3,0/3,0/3,0/3,0/3,0/3,0/3,0/3,0/3,0/3,0/3,0/3,0/3,0/3,0/3,0/3,0/3)...generation=9/0, epsilon=3468.02, simulations=(0/3,0/3,0/3,0/3,0/3,0/3,0/3,0/3,0/3,0/3,0/3,0/3,0/3,0/3,0/3,0/3,0/3,0/3,0/3,0/3,0/3,0/3,0/3,0/3,0/3,0/3,0/3,0/3,0/3,0/3,0/3,0/3,0/3,0/3,0/3,0/3,0/3,0/3,0/3,0/3,0/3,0/3,0/3,0/3,0/3,0/3,0/3,0/3,0/3,0/3,0/3,0/3,0/3,0/3,0/3,0/3,0/3,0/3,0/3,0/3,0/3,0/3,0/3,0/3,0/3,0/3,0/3,0/3,0/3,0/3,0/3,0/3,0/3,0/3,0/3,0/3,0/3,0/3,0/3,0/3,0/3,0/3,0/3,0/3,0/3,0/3,0/3,0/3,0/3,0/3,0/3,0/3,0/3,0/3,0/3,0/3,0/3,0/3,0/3,0/3,0/3,0/3,0/3,0/3,0/3,0/3,0/3,0/3,0/3,0/3,0/3,0/3,0/3,0/3,0/3,0/3,0/3,0/3,0/3,0/3,0/3,0/3,0/3,0/3,0/3,0/3,0/3,0/3,0/3,0/3,0/3,0/3,0/3,0/3,0/3,0/3,0/3,0/3,0/3,0/3,0/3,0/3,0/3,0/3,0/3,0/3,0/3,0/3,0/3,0/3,0/3,0/3,0/3,0/3,0/3,0/3,0/3,0/3,0/3,0/3,0/3,0/3,0/3,0/3,0/3,0/3,0/3,0/3,0/3,0/3,0/3,0/3,0/3,0/3,0/3,0/3,0/3,0/3,0/3,0/3,0/3,0/3,0/3,0/3,0/3,0/3,0/3,0/3,0/3,0/3,0/3,0/3,0/3,0/3,0/3,0/3,0/3,0/3,0/3,0/3,0/3,0/3,0/3,0/3,0/3,0/3,0/3,0/3,0/3,0/3,0/3,0/3,0/3,0/3,0/3,0/3,0/3,0/3,0/3,0/3,0/3,0/3,0/3,0/3,0/3,0/3,0/3,0/3,0/3,0/3,0/3,0/3,0/3,0/3,0/3,0/3,0/3,0/3,0/3,0/3,0/3,0/3,0/3,0/3,0/3,0/3,0/3,0/3,0/3,0/3,0/3,0/3,0/3,0/3,0/3,0/3,0/3,0/3,0/3,0/3,0/3,0/3,0/3,0/3,0/3,0/3,0/3,0/3,0/3,0/3,0/3,0/3,0/3,0/3,0/3,0/3,0/3,0/3,0/3,0/3,0/3,0/3,0/3,0/3,0/3,0/3,0/3,0/3,0/3,0/3,0/3,0/3,0/3,0/3,0/3,0/3,0/3,0/3,0/3,0/3,0/3,0/3,0/3,0/3,0/3,0/3,0/3,0/3,0/3,0/3,0/3,0/3,0/3,0/3,0/3,0/3,0/3,0/3,0/3,0/3,0/3,0/3,0/3,0/3,0/3,0/3,0/3,0/3,0/3,0/3,0/3,0/3,0/3,0/3,0/3,0/3,0/3,0/3,0/3,0/3,0/3,0/3,0/3,0/3,0/3,0/3,0/3,0/3,0/3,0/3,0/3,0/3,0/3,0/3,0/3,0/3,0/3,0/3,0/3,0/3,0/3,0/3,0/3,0/3,0/3,0/3,0/3,0/3,0/3,0/3,0/3,0/3,0/3,0/3,0/3,0/3,0/3,0/3,0/3,0/3,0/3,0/3,0/3,0/3)...generation=9/0, epsilon=3468.02, simulations=(3/3,0/3,0/3,0/3,0/3,0/3,0/3,0/3,0/3,0/3,0/3,0/3,0/3,0/3,0/3,0/3,0/3,0/3,0/3,0/3,0/3,0/3,0/3,0/3,0/3,0/3,0/3,0/3,0/3,0/3,0/3,0/3,0/3,0/3,0/3,0/3,0/3,0/3,0/3,0/3,0/3,0/3,0/3,0/3,0/3,0/3,0/3,0/3,0/3,0/3,0/3,0/3,0/3,0/3,0/3,0/3,0/3,0/3,0/3,0/3,0/3,0/3,0/3,0/3,0/3,0/3,0/3,0/3,0/3,0/3,0/3,0/3,0/3,0/3,0/3,0/3,0/3,0/3,0/3,0/3,0/3,0/3,0/3,0/3,0/3,0/3,0/3,0/3,0/3,0/3,0/3,0/3,0/3,0/3,0/3,0/3,0/3,0/3,0/3,0/3,0/3,0/3,0/3,0/3,0/3,0/3,0/3,0/3,0/3,0/3,0/3,0/3,0/3,0/3,0/3,0/3,0/3,0/3,0/3,0/3,0/3,0/3,0/3,0/3,0/3,0/3,0/3,0/3,0/3,0/3,0/3,0/3,0/3,0/3,0/3,0/3,0/3,0/3,0/3,0/3,0/3,0/3,0/3,0/3,0/3,0/3,0/3,0/3,0/3,0/3,0/3,0/3,0/3,0/3,0/3,0/3,0/3,0/3,0/3,0/3,0/3,0/3,0/3,0/3,0/3,0/3,0/3,0/3,0/3,0/3,0/3,0/3,0/3,0/3,0/3,0/3,0/3,0/3,0/3,0/3,0/3,0/3,0/3,0/3,0/3,0/3,0/3,0/3,0/3,0/3,0/3,0/3,0/3,0/3,0/3,0/3,0/3,0/3,0/3,0/3,0/3,0/3,0/3,0/3,0/3,0/3,0/3,0/3,0/3,0/3,0/3,0/3,0/3,0/3,0/3,0/3,0/3,0/3,0/3,0/3,0/3,0/3,0/3,0/3,0/3,0/3,0/3,0/3,0/3,0/3,0/3,0/3,0/3,0/3,0/3,0/3,0/3,0/3,0/3,0/3,0/3,0/3,0/3,0/3,0/3,0/3,0/3,0/3,0/3,0/3,0/3,0/3,0/3,0/3,0/3,0/3,0/3,0/3,0/3,0/3,0/3,0/3,0/3,0/3,0/3,0/3,0/3,0/3,0/3,0/3,0/3,0/3,0/3,0/3,0/3,0/3,0/3,0/3,0/3,0/3,0/3,0/3,0/3,0/3,0/3,0/3,0/3,0/3,0/3,0/3,0/3,0/3,0/3,0/3,0/3,0/3,0/3,0/3,0/3,0/3,0/3,0/3,0/3,0/3,0/3,0/3,0/3,0/3,0/3,0/3,0/3,0/3,0/3,0/3,0/3,0/3,0/3,0/3,0/3,0/3,0/3,0/3,0/3,0/3,0/3,0/3,0/3,0/3,0/3,0/3,0/3,0/3,0/3,0/3,0/3,0/3,0/3,0/3,0/3,0/3,0/3,0/3,0/3,0/3,0/3,0/3,0/3,0/3,0/3,0/3,0/3,0/3,0/3,0/3,0/3,0/3,0/3,0/3,0/3,0/3,0/3,0/3,0/3,0/3,0/3,0/3,0/3,0/3,0/3,0/3,0/3,0/3,0/3,0/3,0/3,0/3,0/3,0/3,0/3,0/3,0/3,0/3,0/3,0/3)... in 17.4192 seconds
generation=10/0, epsilon=3038.4, simulations=(0/3,0/3,0/3,0/3,0/3,0/3,0/3,0/3,0/3,0/3,0/3,0/3,0/3,0/3,0/3,0/3,0/3,0/3,0/3,0/3,0/3,0/3,0/3,0/3,0/3,0/3,0/3,0/3,0/3,0/3,0/3,0/3,0/3,0/3,0/3,0/3,0/3,0/3,0/3,0/3,0/3,0/3,0/3,0/3,0/3,0/3,0/3,0/3,0/3,0/3,0/3,0/3,0/3,0/3,0/3,0/3,0/3,0/3,0/3,0/3,0/3,0/3,0/3,0/3,0/3,0/3,0/3,0/3,0/3,0/3,0/3,0/3,0/3,0/3,0/3,0/3,0/3,0/3,0/3,0/3,0/3,0/3,0/3,0/3,0/3,0/3,0/3,0/3,0/3,0/3,0/3,0/3,0/3,0/3,0/3,0/3,0/3,0/3,0/3,0/3,0/3,0/3,0/3,0/3,0/3,0/3,0/3,0/3,0/3,0/3,0/3,0/3,0/3,0/3,0/3,0/3,0/3,0/3,0/3,0/3,0/3,0/3,0/3,0/3,0/3,0/3,0/3,0/3,0/3,0/3,0/3,0/3,0/3,0/3,0/3,0/3,0/3,0/3,0/3,0/3,0/3,0/3,0/3,0/3,0/3,0/3,0/3,0/3,0/3,0/3,0/3,0/3,0/3,0/3,0/3,0/3,0/3,0/3,0/3,0/3,0/3,0/3,0/3,0/3,0/3,0/3,0/3,0/3,0/3,0/3,0/3,0/3,0/3,0/3,0/3,0/3,0/3,0/3,0/3,0/3,0/3,0/3,0/3,0/3,0/3,0/3,0/3,0/3,0/3,0/3,0/3,0/3,0/3,0/3,0/3,0/3,0/3,0/3,0/3,0/3,0/3,0/3,0/3,0/3,0/3,0/3,0/3,0/3,0/3,0/3,0/3,0/3,0/3,0/3,0/3,0/3,0/3,0/3,0/3,0/3,0/3,0/3,0/3,0/3,0/3,0/3,0/3,0/3,0/3,0/3,0/3,0/3,0/3,0/3,0/3,0/3,0/3,0/3,0/3,0/3,0/3,0/3,0/3,0/3,0/3,0/3,0/3,0/3,0/3,0/3,0/3,0/3,0/3,0/3,0/3,0/3,0/3,0/3,0/3,0/3,0/3,0/3,0/3,0/3,0/3,0/3,0/3,0/3,0/3,0/3,0/3,0/3,0/3,0/3,0/3,0/3,0/3,0/3,0/3,0/3,0/3,0/3,0/3,0/3,0/3,0/3,0/3,0/3,0/3,0/3,0/3,0/3,0/3,0/3,0/3,0/3,0/3,0/3,0/3,0/3,0/3,0/3,0/3,0/3,0/3,0/3,0/3,0/3,0/3,0/3,0/3,0/3,0/3,0/3,0/3,0/3,0/3,0/3,0/3,0/3,0/3,0/3,0/3,0/3,0/3,0/3,0/3,0/3,0/3,0/3,0/3,0/3,0/3,0/3,0/3,0/3,0/3,0/3,0/3,0/3,0/3,0/3,0/3,0/3,0/3,0/3,0/3,0/3,0/3,0/3,0/3,0/3,0/3,0/3,0/3,0/3,0/3,0/3,0/3,0/3,0/3,0/3,0/3,0/3,0/3,0/3,0/3,0/3,0/3,0/3,0/3,0/3,0/3,0/3,0/3,0/3,0/3,0/3,0/3,0/3,0/3,0/3,0/3,0/3)...generation=10/0, epsilon=3038.4, simulations=(0/3,0/3,0/3,0/3,0/3,0/3,0/3,0/3,0/3,0/3,0/3,0/3,0/3,0/3,0/3,0/3,0/3,0/3,0/3,0/3,0/3,0/3,0/3,0/3,0/3,0/3,0/3,0/3,0/3,0/3,0/3,0/3,0/3,0/3,0/3,0/3,0/3,0/3,0/3,0/3,0/3,0/3,0/3,0/3,0/3,0/3,0/3,0/3,0/3,0/3,0/3,0/3,0/3,0/3,0/3,0/3,0/3,0/3,0/3,0/3,0/3,0/3,0/3,0/3,0/3,0/3,0/3,0/3,0/3,0/3,0/3,0/3,0/3,0/3,0/3,0/3,0/3,0/3,0/3,0/3,0/3,0/3,0/3,0/3,0/3,0/3,0/3,0/3,0/3,0/3,0/3,0/3,0/3,0/3,0/3,0/3,0/3,0/3,0/3,0/3,0/3,0/3,0/3,0/3,0/3,0/3,0/3,0/3,0/3,0/3,0/3,0/3,0/3,0/3,0/3,0/3,0/3,0/3,0/3,0/3,0/3,0/3,0/3,0/3,0/3,0/3,0/3,0/3,0/3,0/3,0/3,0/3,0/3,0/3,0/3,0/3,0/3,0/3,0/3,0/3,0/3,0/3,0/3,0/3,0/3,0/3,0/3,0/3,0/3,0/3,0/3,0/3,0/3,0/3,0/3,0/3,0/3,0/3,0/3,0/3,0/3,0/3,0/3,0/3,0/3,0/3,0/3,0/3,0/3,0/3,0/3,0/3,0/3,0/3,0/3,0/3,0/3,0/3,0/3,0/3,0/3,0/3,0/3,0/3,0/3,0/3,0/3,0/3,0/3,0/3,0/3,0/3,0/3,0/3,0/3,0/3,0/3,0/3,0/3,0/3,0/3,0/3,0/3,0/3,0/3,0/3,0/3,0/3,0/3,0/3,0/3,0/3,0/3,0/3,0/3,0/3,0/3,0/3,0/3,0/3,0/3,0/3,0/3,0/3,0/3,0/3,0/3,0/3,0/3,0/3,0/3,0/3,0/3,0/3,0/3,0/3,0/3,0/3,0/3,0/3,0/3,0/3,0/3,0/3,0/3,0/3,0/3,0/3,0/3,0/3,0/3,0/3,0/3,0/3,0/3,0/3,0/3,0/3,0/3,0/3,0/3,0/3,0/3,0/3,0/3,0/3,0/3,0/3,0/3,0/3,0/3,0/3,0/3,0/3,0/3,0/3,0/3,0/3,0/3,0/3,0/3,0/3,0/3,0/3,0/3,0/3,0/3,0/3,0/3,0/3,0/3,0/3,0/3,0/3,0/3,0/3,0/3,0/3,0/3,0/3,0/3,0/3,0/3,0/3,0/3,0/3,0/3,0/3,0/3,0/3,0/3,0/3,0/3,0/3,0/3,0/3,0/3,0/3,0/3,0/3,0/3,0/3,0/3,0/3,0/3,0/3,0/3,0/3,0/3,0/3,0/3,0/3,0/3,0/3,0/3,0/3,0/3,0/3,0/3,0/3,0/3,0/3,0/3,0/3,0/3,0/3,0/3,0/3,0/3,0/3,0/3,0/3,0/3,0/3,0/3,0/3,0/3,0/3,0/3,0/3,0/3,0/3,0/3,0/3,0/3,0/3,0/3,0/3,0/3,0/3,0/3,0/3,0/3,0/3,0/3,0/3,0/3,0/3,0/3,0/3,0/3,0/3,0/3,0/3)...generation=10/0, epsilon=3038.4, simulations=(3/3,0/3,0/3,0/3,0/3,0/3,0/3,0/3,0/3,0/3,0/3,0/3,0/3,0/3,0/3,0/3,0/3,0/3,0/3,0/3,0/3,0/3,0/3,0/3,0/3,0/3,0/3,0/3,0/3,0/3,0/3,0/3,0/3,0/3,0/3,0/3,0/3,0/3,0/3,0/3,0/3,0/3,0/3,0/3,0/3,0/3,0/3,0/3,0/3,0/3,0/3,0/3,0/3,0/3,0/3,0/3,0/3,0/3,0/3,0/3,0/3,0/3,0/3,0/3,0/3,0/3,0/3,0/3,0/3,0/3,0/3,0/3,0/3,0/3,0/3,0/3,0/3,0/3,0/3,0/3,0/3,0/3,0/3,0/3,0/3,0/3,0/3,0/3,0/3,0/3,0/3,0/3,0/3,0/3,0/3,0/3,0/3,0/3,0/3,0/3,0/3,0/3,0/3,0/3,0/3,0/3,0/3,0/3,0/3,0/3,0/3,0/3,0/3,0/3,0/3,0/3,0/3,0/3,0/3,0/3,0/3,0/3,0/3,0/3,0/3,0/3,0/3,0/3,0/3,0/3,0/3,0/3,0/3,0/3,0/3,0/3,0/3,0/3,0/3,0/3,0/3,0/3,0/3,0/3,0/3,0/3,0/3,0/3,0/3,0/3,0/3,0/3,0/3,0/3,0/3,0/3,0/3,0/3,0/3,0/3,0/3,0/3,0/3,0/3,0/3,0/3,0/3,0/3,0/3,0/3,0/3,0/3,0/3,0/3,0/3,0/3,0/3,0/3,0/3,0/3,0/3,0/3,0/3,0/3,0/3,0/3,0/3,0/3,0/3,0/3,0/3,0/3,0/3,0/3,0/3,0/3,0/3,0/3,0/3,0/3,0/3,0/3,0/3,0/3,0/3,0/3,0/3,0/3,0/3,0/3,0/3,0/3,0/3,0/3,0/3,0/3,0/3,0/3,0/3,0/3,0/3,0/3,0/3,0/3,0/3,0/3,0/3,0/3,0/3,0/3,0/3,0/3,0/3,0/3,0/3,0/3,0/3,0/3,0/3,0/3,0/3,0/3,0/3,0/3,0/3,0/3,0/3,0/3,0/3,0/3,0/3,0/3,0/3,0/3,0/3,0/3,0/3,0/3,0/3,0/3,0/3,0/3,0/3,0/3,0/3,0/3,0/3,0/3,0/3,0/3,0/3,0/3,0/3,0/3,0/3,0/3,0/3,0/3,0/3,0/3,0/3,0/3,0/3,0/3,0/3,0/3,0/3,0/3,0/3,0/3,0/3,0/3,0/3,0/3,0/3,0/3,0/3,0/3,0/3,0/3,0/3,0/3,0/3,0/3,0/3,0/3,0/3,0/3,0/3,0/3,0/3,0/3,0/3,0/3,0/3,0/3,0/3,0/3,0/3,0/3,0/3,0/3,0/3,0/3,0/3,0/3,0/3,0/3,0/3,0/3,0/3,0/3,0/3,0/3,0/3,0/3,0/3,0/3,0/3,0/3,0/3,0/3,0/3,0/3,0/3,0/3,0/3,0/3,0/3,0/3,0/3,0/3,0/3,0/3,0/3,0/3,0/3,0/3,0/3,0/3,0/3,0/3,0/3,0/3,0/3,0/3,0/3,0/3,0/3,0/3,0/3,0/3,0/3,0/3,0/3,0/3,0/3,0/3,0/3,0/3,0/3,0/3,0/3,0/3)... in 32.677 seconds
generation=11/0, epsilon=2706.85, simulations=(0/3,0/3,0/3,0/3,0/3,0/3,0/3,0/3,0/3,0/3,0/3,0/3,0/3,0/3,0/3,0/3,0/3,0/3,0/3,0/3,0/3,0/3,0/3,0/3,0/3,0/3,0/3,0/3,0/3,0/3,0/3,0/3,0/3,0/3,0/3,0/3,0/3,0/3,0/3,0/3,0/3,0/3,0/3,0/3,0/3,0/3,0/3,0/3,0/3,0/3,0/3,0/3,0/3,0/3,0/3,0/3,0/3,0/3,0/3,0/3,0/3,0/3,0/3,0/3,0/3,0/3,0/3,0/3,0/3,0/3,0/3,0/3,0/3,0/3,0/3,0/3,0/3,0/3,0/3,0/3,0/3,0/3,0/3,0/3,0/3,0/3,0/3,0/3,0/3,0/3,0/3,0/3,0/3,0/3,0/3,0/3,0/3,0/3,0/3,0/3,0/3,0/3,0/3,0/3,0/3,0/3,0/3,0/3,0/3,0/3,0/3,0/3,0/3,0/3,0/3,0/3,0/3,0/3,0/3,0/3,0/3,0/3,0/3,0/3,0/3,0/3,0/3,0/3,0/3,0/3,0/3,0/3,0/3,0/3,0/3,0/3,0/3,0/3,0/3,0/3,0/3,0/3,0/3,0/3,0/3,0/3,0/3,0/3,0/3,0/3,0/3,0/3,0/3,0/3,0/3,0/3,0/3,0/3,0/3,0/3,0/3,0/3,0/3,0/3,0/3,0/3,0/3,0/3,0/3,0/3,0/3,0/3,0/3,0/3,0/3,0/3,0/3,0/3,0/3,0/3,0/3,0/3,0/3,0/3,0/3,0/3,0/3,0/3,0/3,0/3,0/3,0/3,0/3,0/3,0/3,0/3,0/3,0/3,0/3,0/3,0/3,0/3,0/3,0/3,0/3,0/3,0/3,0/3,0/3,0/3,0/3,0/3,0/3,0/3,0/3,0/3,0/3,0/3,0/3,0/3,0/3,0/3,0/3,0/3,0/3,0/3,0/3,0/3,0/3,0/3,0/3,0/3,0/3,0/3,0/3,0/3,0/3,0/3,0/3,0/3,0/3,0/3,0/3,0/3,0/3,0/3,0/3,0/3,0/3,0/3,0/3,0/3,0/3,0/3,0/3,0/3,0/3,0/3,0/3,0/3,0/3,0/3,0/3,0/3,0/3,0/3,0/3,0/3,0/3,0/3,0/3,0/3,0/3,0/3,0/3,0/3,0/3,0/3,0/3,0/3,0/3,0/3,0/3,0/3,0/3,0/3,0/3,0/3,0/3,0/3,0/3,0/3,0/3,0/3,0/3,0/3,0/3,0/3,0/3,0/3,0/3,0/3,0/3,0/3,0/3,0/3,0/3,0/3,0/3,0/3,0/3,0/3,0/3,0/3,0/3,0/3,0/3,0/3,0/3,0/3,0/3,0/3,0/3,0/3,0/3,0/3,0/3,0/3,0/3,0/3,0/3,0/3,0/3,0/3,0/3,0/3,0/3,0/3,0/3,0/3,0/3,0/3,0/3,0/3,0/3,0/3,0/3,0/3,0/3,0/3,0/3,0/3,0/3,0/3,0/3,0/3,0/3,0/3,0/3,0/3,0/3,0/3,0/3,0/3,0/3,0/3,0/3,0/3,0/3,0/3,0/3,0/3,0/3,0/3,0/3,0/3,0/3,0/3,0/3,0/3,0/3,0/3,0/3,0/3)...generation=11/0, epsilon=2706.85, simulations=(0/3,0/3,0/3,0/3,0/3,0/3,0/3,0/3,0/3,0/3,0/3,0/3,0/3,0/3,0/3,0/3,0/3,0/3,0/3,0/3,0/3,0/3,0/3,0/3,0/3,0/3,0/3,0/3,0/3,0/3,0/3,0/3,0/3,0/3,0/3,0/3,0/3,0/3,0/3,0/3,0/3,0/3,0/3,0/3,0/3,0/3,0/3,0/3,0/3,0/3,0/3,0/3,0/3,0/3,0/3,0/3,0/3,0/3,0/3,0/3,0/3,0/3,0/3,0/3,0/3,0/3,0/3,0/3,0/3,0/3,0/3,0/3,0/3,0/3,0/3,0/3,0/3,0/3,0/3,0/3,0/3,0/3,0/3,0/3,0/3,0/3,0/3,0/3,0/3,0/3,0/3,0/3,0/3,0/3,0/3,0/3,0/3,0/3,0/3,0/3,0/3,0/3,0/3,0/3,0/3,0/3,0/3,0/3,0/3,0/3,0/3,0/3,0/3,0/3,0/3,0/3,0/3,0/3,0/3,0/3,0/3,0/3,0/3,0/3,0/3,0/3,0/3,0/3,0/3,0/3,0/3,0/3,0/3,0/3,0/3,0/3,0/3,0/3,0/3,0/3,0/3,0/3,0/3,0/3,0/3,0/3,0/3,0/3,0/3,0/3,0/3,0/3,0/3,0/3,0/3,0/3,0/3,0/3,0/3,0/3,0/3,0/3,0/3,0/3,0/3,0/3,0/3,0/3,0/3,0/3,0/3,0/3,0/3,0/3,0/3,0/3,0/3,0/3,0/3,0/3,0/3,0/3,0/3,0/3,0/3,0/3,0/3,0/3,0/3,0/3,0/3,0/3,0/3,0/3,0/3,0/3,0/3,0/3,0/3,0/3,0/3,0/3,0/3,0/3,0/3,0/3,0/3,0/3,0/3,0/3,0/3,0/3,0/3,0/3,0/3,0/3,0/3,0/3,0/3,0/3,0/3,0/3,0/3,0/3,0/3,0/3,0/3,0/3,0/3,0/3,0/3,0/3,0/3,0/3,0/3,0/3,0/3,0/3,0/3,0/3,0/3,0/3,0/3,0/3,0/3,0/3,0/3,0/3,0/3,0/3,0/3,0/3,0/3,0/3,0/3,0/3,0/3,0/3,0/3,0/3,0/3,0/3,0/3,0/3,0/3,0/3,0/3,0/3,0/3,0/3,0/3,0/3,0/3,0/3,0/3,0/3,0/3,0/3,0/3,0/3,0/3,0/3,0/3,0/3,0/3,0/3,0/3,0/3,0/3,0/3,0/3,0/3,0/3,0/3,0/3,0/3,0/3,0/3,0/3,0/3,0/3,0/3,0/3,0/3,0/3,0/3,0/3,0/3,0/3,0/3,0/3,0/3,0/3,0/3,0/3,0/3,0/3,0/3,0/3,0/3,0/3,0/3,0/3,0/3,0/3,0/3,0/3,0/3,0/3,0/3,0/3,0/3,0/3,0/3,0/3,0/3,0/3,0/3,0/3,0/3,0/3,0/3,0/3,0/3,0/3,0/3,0/3,0/3,0/3,0/3,0/3,0/3,0/3,0/3,0/3,0/3,0/3,0/3,0/3,0/3,0/3,0/3,0/3,0/3,0/3,0/3,0/3,0/3,0/3,0/3,0/3,0/3,0/3,0/3,0/3,0/3,0/3,0/3,0/3,0/3,0/3,0/3,0/3,0/3)...generation=11/0, epsilon=2706.85, simulations=(3/3,0/3,0/3,0/3,0/3,0/3,0/3,0/3,0/3,0/3,0/3,0/3,0/3,0/3,0/3,0/3,0/3,0/3,0/3,0/3,0/3,0/3,0/3,0/3,0/3,0/3,0/3,0/3,0/3,0/3,0/3,0/3,0/3,0/3,0/3,0/3,0/3,0/3,0/3,0/3,0/3,0/3,0/3,0/3,0/3,0/3,0/3,0/3,0/3,0/3,0/3,0/3,0/3,0/3,0/3,0/3,0/3,0/3,0/3,0/3,0/3,0/3,0/3,0/3,0/3,0/3,0/3,0/3,0/3,0/3,0/3,0/3,0/3,0/3,0/3,0/3,0/3,0/3,0/3,0/3,0/3,0/3,0/3,0/3,0/3,0/3,0/3,0/3,0/3,0/3,0/3,0/3,0/3,0/3,0/3,0/3,0/3,0/3,0/3,0/3,0/3,0/3,0/3,0/3,0/3,0/3,0/3,0/3,0/3,0/3,0/3,0/3,0/3,0/3,0/3,0/3,0/3,0/3,0/3,0/3,0/3,0/3,0/3,0/3,0/3,0/3,0/3,0/3,0/3,0/3,0/3,0/3,0/3,0/3,0/3,0/3,0/3,0/3,0/3,0/3,0/3,0/3,0/3,0/3,0/3,0/3,0/3,0/3,0/3,0/3,0/3,0/3,0/3,0/3,0/3,0/3,0/3,0/3,0/3,0/3,0/3,0/3,0/3,0/3,0/3,0/3,0/3,0/3,0/3,0/3,0/3,0/3,0/3,0/3,0/3,0/3,0/3,0/3,0/3,0/3,0/3,0/3,0/3,0/3,0/3,0/3,0/3,0/3,0/3,0/3,0/3,0/3,0/3,0/3,0/3,0/3,0/3,0/3,0/3,0/3,0/3,0/3,0/3,0/3,0/3,0/3,0/3,0/3,0/3,0/3,0/3,0/3,0/3,0/3,0/3,0/3,0/3,0/3,0/3,0/3,0/3,0/3,0/3,0/3,0/3,0/3,0/3,0/3,0/3,0/3,0/3,0/3,0/3,0/3,0/3,0/3,0/3,0/3,0/3,0/3,0/3,0/3,0/3,0/3,0/3,0/3,0/3,0/3,0/3,0/3,0/3,0/3,0/3,0/3,0/3,0/3,0/3,0/3,0/3,0/3,0/3,0/3,0/3,0/3,0/3,0/3,0/3,0/3,0/3,0/3,0/3,0/3,0/3,0/3,0/3,0/3,0/3,0/3,0/3,0/3,0/3,0/3,0/3,0/3,0/3,0/3,0/3,0/3,0/3,0/3,0/3,0/3,0/3,0/3,0/3,0/3,0/3,0/3,0/3,0/3,0/3,0/3,0/3,0/3,0/3,0/3,0/3,0/3,0/3,0/3,0/3,0/3,0/3,0/3,0/3,0/3,0/3,0/3,0/3,0/3,0/3,0/3,0/3,0/3,0/3,0/3,0/3,0/3,0/3,0/3,0/3,0/3,0/3,0/3,0/3,0/3,0/3,0/3,0/3,0/3,0/3,0/3,0/3,0/3,0/3,0/3,0/3,0/3,0/3,0/3,0/3,0/3,0/3,0/3,0/3,0/3,0/3,0/3,0/3,0/3,0/3,0/3,0/3,0/3,0/3,0/3,0/3,0/3,0/3,0/3,0/3,0/3,0/3,0/3,0/3,0/3,0/3,0/3,0/3,0/3,0/3,0/3,0/3,0/3)... in 39.3337 seconds
generation=12/0, epsilon=2490.78, simulations=(0/3,0/3,0/3,0/3,0/3,0/3,0/3,0/3,0/3,0/3,0/3,0/3,0/3,0/3,0/3,0/3,0/3,0/3,0/3,0/3,0/3,0/3,0/3,0/3,0/3,0/3,0/3,0/3,0/3,0/3,0/3,0/3,0/3,0/3,0/3,0/3,0/3,0/3,0/3,0/3,0/3,0/3,0/3,0/3,0/3,0/3,0/3,0/3,0/3,0/3,0/3,0/3,0/3,0/3,0/3,0/3,0/3,0/3,0/3,0/3,0/3,0/3,0/3,0/3,0/3,0/3,0/3,0/3,0/3,0/3,0/3,0/3,0/3,0/3,0/3,0/3,0/3,0/3,0/3,0/3,0/3,0/3,0/3,0/3,0/3,0/3,0/3,0/3,0/3,0/3,0/3,0/3,0/3,0/3,0/3,0/3,0/3,0/3,0/3,0/3,0/3,0/3,0/3,0/3,0/3,0/3,0/3,0/3,0/3,0/3,0/3,0/3,0/3,0/3,0/3,0/3,0/3,0/3,0/3,0/3,0/3,0/3,0/3,0/3,0/3,0/3,0/3,0/3,0/3,0/3,0/3,0/3,0/3,0/3,0/3,0/3,0/3,0/3,0/3,0/3,0/3,0/3,0/3,0/3,0/3,0/3,0/3,0/3,0/3,0/3,0/3,0/3,0/3,0/3,0/3,0/3,0/3,0/3,0/3,0/3,0/3,0/3,0/3,0/3,0/3,0/3,0/3,0/3,0/3,0/3,0/3,0/3,0/3,0/3,0/3,0/3,0/3,0/3,0/3,0/3,0/3,0/3,0/3,0/3,0/3,0/3,0/3,0/3,0/3,0/3,0/3,0/3,0/3,0/3,0/3,0/3,0/3,0/3,0/3,0/3,0/3,0/3,0/3,0/3,0/3,0/3,0/3,0/3,0/3,0/3,0/3,0/3,0/3,0/3,0/3,0/3,0/3,0/3,0/3,0/3,0/3,0/3,0/3,0/3,0/3,0/3,0/3,0/3,0/3,0/3,0/3,0/3,0/3,0/3,0/3,0/3,0/3,0/3,0/3,0/3,0/3,0/3,0/3,0/3,0/3,0/3,0/3,0/3,0/3,0/3,0/3,0/3,0/3,0/3,0/3,0/3,0/3,0/3,0/3,0/3,0/3,0/3,0/3,0/3,0/3,0/3,0/3,0/3,0/3,0/3,0/3,0/3,0/3,0/3,0/3,0/3,0/3,0/3,0/3,0/3,0/3,0/3,0/3,0/3,0/3,0/3,0/3,0/3,0/3,0/3,0/3,0/3,0/3,0/3,0/3,0/3,0/3,0/3,0/3,0/3,0/3,0/3,0/3,0/3,0/3,0/3,0/3,0/3,0/3,0/3,0/3,0/3,0/3,0/3,0/3,0/3,0/3,0/3,0/3,0/3,0/3,0/3,0/3,0/3,0/3,0/3,0/3,0/3,0/3,0/3,0/3,0/3,0/3,0/3,0/3,0/3,0/3,0/3,0/3,0/3,0/3,0/3,0/3,0/3,0/3,0/3,0/3,0/3,0/3,0/3,0/3,0/3,0/3,0/3,0/3,0/3,0/3,0/3,0/3,0/3,0/3,0/3,0/3,0/3,0/3,0/3,0/3,0/3,0/3,0/3,0/3,0/3,0/3,0/3,0/3,0/3,0/3,0/3,0/3,0/3,0/3,0/3,0/3,0/3)...generation=12/0, epsilon=2490.78, simulations=(0/3,0/3,0/3,0/3,0/3,0/3,0/3,0/3,0/3,0/3,0/3,0/3,0/3,0/3,0/3,0/3,0/3,0/3,0/3,0/3,0/3,0/3,0/3,0/3,0/3,0/3,0/3,0/3,0/3,0/3,0/3,0/3,0/3,0/3,0/3,0/3,0/3,0/3,0/3,0/3,0/3,0/3,0/3,0/3,0/3,0/3,0/3,0/3,0/3,0/3,0/3,0/3,0/3,0/3,0/3,0/3,0/3,0/3,0/3,0/3,0/3,0/3,0/3,0/3,0/3,0/3,0/3,0/3,0/3,0/3,0/3,0/3,0/3,0/3,0/3,0/3,0/3,0/3,0/3,0/3,0/3,0/3,0/3,0/3,0/3,0/3,0/3,0/3,0/3,0/3,0/3,0/3,0/3,0/3,0/3,0/3,0/3,0/3,0/3,0/3,0/3,0/3,0/3,0/3,0/3,0/3,0/3,0/3,0/3,0/3,0/3,0/3,0/3,0/3,0/3,0/3,0/3,0/3,0/3,0/3,0/3,0/3,0/3,0/3,0/3,0/3,0/3,0/3,0/3,0/3,0/3,0/3,0/3,0/3,0/3,0/3,0/3,0/3,0/3,0/3,0/3,0/3,0/3,0/3,0/3,0/3,0/3,0/3,0/3,0/3,0/3,0/3,0/3,0/3,0/3,0/3,0/3,0/3,0/3,0/3,0/3,0/3,0/3,0/3,0/3,0/3,0/3,0/3,0/3,0/3,0/3,0/3,0/3,0/3,0/3,0/3,0/3,0/3,0/3,0/3,0/3,0/3,0/3,0/3,0/3,0/3,0/3,0/3,0/3,0/3,0/3,0/3,0/3,0/3,0/3,0/3,0/3,0/3,0/3,0/3,0/3,0/3,0/3,0/3,0/3,0/3,0/3,0/3,0/3,0/3,0/3,0/3,0/3,0/3,0/3,0/3,0/3,0/3,0/3,0/3,0/3,0/3,0/3,0/3,0/3,0/3,0/3,0/3,0/3,0/3,0/3,0/3,0/3,0/3,0/3,0/3,0/3,0/3,0/3,0/3,0/3,0/3,0/3,0/3,0/3,0/3,0/3,0/3,0/3,0/3,0/3,0/3,0/3,0/3,0/3,0/3,0/3,0/3,0/3,0/3,0/3,0/3,0/3,0/3,0/3,0/3,0/3,0/3,0/3,0/3,0/3,0/3,0/3,0/3,0/3,0/3,0/3,0/3,0/3,0/3,0/3,0/3,0/3,0/3,0/3,0/3,0/3,0/3,0/3,0/3,0/3,0/3,0/3,0/3,0/3,0/3,0/3,0/3,0/3,0/3,0/3,0/3,0/3,0/3,0/3,0/3,0/3,0/3,0/3,0/3,0/3,0/3,0/3,0/3,0/3,0/3,0/3,0/3,0/3,0/3,0/3,0/3,0/3,0/3,0/3,0/3,0/3,0/3,0/3,0/3,0/3,0/3,0/3,0/3,0/3,0/3,0/3,0/3,0/3,0/3,0/3,0/3,0/3,0/3,0/3,0/3,0/3,0/3,0/3,0/3,0/3,0/3,0/3,0/3,0/3,0/3,0/3,0/3,0/3,0/3,0/3,0/3,0/3,0/3,0/3,0/3,0/3,0/3,0/3,0/3,0/3,0/3,0/3,0/3,0/3,0/3,0/3,0/3,0/3,0/3,0/3,0/3,0/3,0/3)...generation=12/0, epsilon=2490.78, simulations=(3/3,0/3,0/3,0/3,0/3,0/3,0/3,0/3,0/3,0/3,0/3,0/3,0/3,0/3,0/3,0/3,0/3,0/3,0/3,0/3,0/3,0/3,0/3,0/3,0/3,0/3,0/3,0/3,0/3,0/3,0/3,0/3,0/3,0/3,0/3,0/3,0/3,0/3,0/3,0/3,0/3,0/3,0/3,0/3,0/3,0/3,0/3,0/3,0/3,0/3,0/3,0/3,0/3,0/3,0/3,0/3,0/3,0/3,0/3,0/3,0/3,0/3,0/3,0/3,0/3,0/3,0/3,0/3,0/3,0/3,0/3,0/3,0/3,0/3,0/3,0/3,0/3,0/3,0/3,0/3,0/3,0/3,0/3,0/3,0/3,0/3,0/3,0/3,0/3,0/3,0/3,0/3,0/3,0/3,0/3,0/3,0/3,0/3,0/3,0/3,0/3,0/3,0/3,0/3,0/3,0/3,0/3,0/3,0/3,0/3,0/3,0/3,0/3,0/3,0/3,0/3,0/3,0/3,0/3,0/3,0/3,0/3,0/3,0/3,0/3,0/3,0/3,0/3,0/3,0/3,0/3,0/3,0/3,0/3,0/3,0/3,0/3,0/3,0/3,0/3,0/3,0/3,0/3,0/3,0/3,0/3,0/3,0/3,0/3,0/3,0/3,0/3,0/3,0/3,0/3,0/3,0/3,0/3,0/3,0/3,0/3,0/3,0/3,0/3,0/3,0/3,0/3,0/3,0/3,0/3,0/3,0/3,0/3,0/3,0/3,0/3,0/3,0/3,0/3,0/3,0/3,0/3,0/3,0/3,0/3,0/3,0/3,0/3,0/3,0/3,0/3,0/3,0/3,0/3,0/3,0/3,0/3,0/3,0/3,0/3,0/3,0/3,0/3,0/3,0/3,0/3,0/3,0/3,0/3,0/3,0/3,0/3,0/3,0/3,0/3,0/3,0/3,0/3,0/3,0/3,0/3,0/3,0/3,0/3,0/3,0/3,0/3,0/3,0/3,0/3,0/3,0/3,0/3,0/3,0/3,0/3,0/3,0/3,0/3,0/3,0/3,0/3,0/3,0/3,0/3,0/3,0/3,0/3,0/3,0/3,0/3,0/3,0/3,0/3,0/3,0/3,0/3,0/3,0/3,0/3,0/3,0/3,0/3,0/3,0/3,0/3,0/3,0/3,0/3,0/3,0/3,0/3,0/3,0/3,0/3,0/3,0/3,0/3,0/3,0/3,0/3,0/3,0/3,0/3,0/3,0/3,0/3,0/3,0/3,0/3,0/3,0/3,0/3,0/3,0/3,0/3,0/3,0/3,0/3,0/3,0/3,0/3,0/3,0/3,0/3,0/3,0/3,0/3,0/3,0/3,0/3,0/3,0/3,0/3,0/3,0/3,0/3,0/3,0/3,0/3,0/3,0/3,0/3,0/3,0/3,0/3,0/3,0/3,0/3,0/3,0/3,0/3,0/3,0/3,0/3,0/3,0/3,0/3,0/3,0/3,0/3,0/3,0/3,0/3,0/3,0/3,0/3,0/3,0/3,0/3,0/3,0/3,0/3,0/3,0/3,0/3,0/3,0/3,0/3,0/3,0/3,0/3,0/3,0/3,0/3,0/3,0/3,0/3,0/3,0/3,0/3,0/3,0/3,0/3,0/3,0/3,0/3,0/3,0/3,0/3,0/3,0/3,0/3,0/3)...slurmstepd: error: *** JOB 5016 ON cn01 CANCELLED AT 2020-08-03T21:27:28 ***
